
> @woo-headless/sdk@1.0.0 build
> vite build && tsc --emitDeclarationOnly

[36mvite v4.5.14 [32mbuilding for production...[36m[39m
[96msrc/modules/cart/index.ts[0m:[93m1690[0m:[93m13[0m - [91merror[0m[90m TS2375: [0mType '{ individualUse: boolean; expiryDate?: Date; code: string; amount: number; description: string; discountType: "percent" | "fixed_cart" | "fixed_product"; freeShipping: boolean; minimumAmount: number | undefined; maximumAmount: number | undefined; usageCount: number; usageLimit: number | undefined; }' is not assignable to type 'AppliedCoupon' with 'exactOptionalPropertyTypes: true'. Consider adding 'undefined' to the types of the target's properties.
  Types of property 'usageLimit' are incompatible.
    Type 'number | undefined' is not assignable to type 'number'.
      Type 'undefined' is not assignable to type 'number'.

[7m1690[0m       const couponToApply: AppliedCoupon = {
[7m    [0m [91m            ~~~~~~~~~~~~~[0m
[96msrc/modules/cart/sync.ts[0m:[93m286[0m:[93m14[0m - [91merror[0m[90m TS2540: [0mCannot assign to 'retryCount' because it is a read-only property.

[7m286[0m         item.retryCount++;
[7m   [0m [91m             ~~~~~~~~~~[0m
[96msrc/modules/cart/sync.ts[0m:[93m303[0m:[93m10[0m - [91merror[0m[90m TS2540: [0mCannot assign to 'config' because it is a read-only property.

[7m303[0m     this.config = {
[7m   [0m [91m         ~~~~~~[0m
[96msrc/modules/cart/sync.ts[0m:[93m314[0m:[93m10[0m - [91merror[0m[90m TS2540: [0mCannot assign to 'config' because it is a read-only property.

[7m314[0m     this.config = {
[7m   [0m [91m         ~~~~~~[0m
[96msrc/modules/cart/sync.ts[0m:[93m339[0m:[93m20[0m - [91merror[0m[90m TS2339: [0mProperty 'status' does not exist on type 'Result<Response<unknown>, WooError>'.
  Property 'status' does not exist on type 'Failure<WooError>'.

[7m339[0m       if (response.status === 404) {
[7m   [0m [91m                   ~~~~~~[0m
[96msrc/modules/cart/sync.ts[0m:[93m346[0m:[93m30[0m - [91merror[0m[90m TS2339: [0mProperty 'status' does not exist on type 'Failure<WooError>'.

[7m346[0m           { status: response.status, error: response.error }
[7m   [0m [91m                             ~~~~~~[0m
[96msrc/modules/cart/sync.ts[0m:[93m350[0m:[93m17[0m - [91merror[0m[90m TS2352: [0mConversion of type 'Response<unknown>' to type 'ServerCartData' may be a mistake because neither type sufficiently overlaps with the other. If this was intentional, convert the expression to 'unknown' first.
  Type 'Response<unknown>' is missing the following properties from type 'ServerCartData': cart, metadata

[7m350[0m       return Ok(response.data as ServerCartData);
[7m   [0m [91m                ~~~~~~~~~~~~~~~~~~~~~~~~~~~~~~~[0m
[96msrc/modules/cart/sync.ts[0m:[93m377[0m:[93m7[0m - [91merror[0m[90m TS2322: [0mType 'number' is not assignable to type 'string'.

[7m377[0m       userId: authContext.userId,
[7m   [0m [91m      ~~~~~~[0m

  [96msrc/types/cart.ts[0m:[93m292[0m:[93m12[0m
    [7m292[0m   readonly userId: string;
    [7m   [0m [96m           ~~~~~~[0m
    The expected type comes from property 'userId' which is declared here on type 'CartSyncMetadata'
[96msrc/modules/cart/sync.ts[0m:[93m393[0m:[93m30[0m - [91merror[0m[90m TS2339: [0mProperty 'status' does not exist on type 'Failure<WooError>'.

[7m393[0m           { status: response.status, error: response.error }
[7m   [0m [91m                             ~~~~~~[0m
[96msrc/modules/checkout/address.ts[0m:[93m428[0m:[93m19[0m - [91merror[0m[90m TS2540: [0mCannot assign to 'company' because it is a read-only property.

[7m428[0m         overrides.company = true;
[7m   [0m [91m                  ~~~~~~~[0m
[96msrc/modules/checkout/address.ts[0m:[93m431[0m:[93m19[0m - [91merror[0m[90m TS2540: [0mCannot assign to 'phone' because it is a read-only property.

[7m431[0m         overrides.phone = true;
[7m   [0m [91m                  ~~~~~[0m
[96msrc/modules/checkout/flow.ts[0m:[93m119[0m:[93m22[0m - [91merror[0m[90m TS2339: [0mProperty 'id' does not exist on type 'Cart'.

[7m119[0m         cartId: cart.id,
[7m   [0m [91m                     ~~[0m
[96msrc/modules/checkout/flow.ts[0m:[93m121[0m:[93m9[0m - [91merror[0m[90m TS2739: [0mType 'CartTotals' is missing the following properties from type 'OrderTotals': feesTax, currency

[7m121[0m         orderTotals: cart.totals,
[7m   [0m [91m        ~~~~~~~~~~~[0m

  [96msrc/types/checkout.ts[0m:[93m294[0m:[93m12[0m
    [7m294[0m   readonly orderTotals: OrderTotals;
    [7m   [0m [96m           ~~~~~~~~~~~[0m
    The expected type comes from property 'orderTotals' which is declared here on type 'CheckoutSession'
[96msrc/modules/checkout/flow.ts[0m:[93m122[0m:[93m15[0m - [91merror[0m[90m TS2304: [0mCannot find name 'createEmptyCheckoutFlow'.

[7m122[0m         flow: createEmptyCheckoutFlow(),
[7m   [0m [91m              ~~~~~~~~~~~~~~~~~~~~~~~[0m
[96msrc/modules/checkout/flow.ts[0m:[93m403[0m:[93m7[0m - [91merror[0m[90m TS2322: [0mType 'import("/Users/aris/local-document/madebyaris.com/woo-headless/packages/core/src/types/result").Result<import("/Users/aris/local-document/madebyaris.com/woo-headless/packages/core/src/types/checkout").CheckoutValidationResult, import("/Users/aris/local-document/madebyaris.com/woo-headless/packages/core/src/types/err...' is not assignable to type 'import("/Users/aris/local-document/madebyaris.com/woo-headless/packages/core/src/types/result").Result<import("/Users/aris/local-document/madebyaris.com/woo-headless/packages/core/src/modules/checkout/validation").CheckoutValidationResult, import("/Users/aris/local-document/madebyaris.com/woo-headless/packages/core/...'.
  Type 'Success<CheckoutValidationResult>' is not assignable to type 'Result<CheckoutValidationResult, WooError>'.
    Type 'import("/Users/aris/local-document/madebyaris.com/woo-headless/packages/core/src/types/result").Success<import("/Users/aris/local-document/madebyaris.com/woo-headless/packages/core/src/types/checkout").CheckoutValidationResult>' is not assignable to type 'import("/Users/aris/local-document/madebyaris.com/woo-headless/packages/core/src/types/result").Success<import("/Users/aris/local-document/madebyaris.com/woo-headless/packages/core/src/modules/checkout/validation").CheckoutValidationResult>'.
      Type 'CheckoutValidationResult' is missing the following properties from type 'CheckoutValidationResult': canProceed, validationResults, criticalErrors, blockers, recommendations

[7m403[0m       return this.validationService.validateStep(step, context);
[7m   [0m [91m      ~~~~~~[0m
[96msrc/modules/checkout/flow.ts[0m:[93m433[0m:[93m23[0m - [91merror[0m[90m TS2339: [0mProperty 'canProceed' does not exist on type 'CheckoutValidationResult'.

[7m433[0m       if (!validation.canProceed) {
[7m   [0m [91m                      ~~~~~~~~~~[0m
[96msrc/modules/checkout/flow.ts[0m:[93m434[0m:[93m59[0m - [91merror[0m[90m TS2339: [0mProperty 'criticalErrors' does not exist on type 'CheckoutValidationResult'.

[7m434[0m         this.eventHandlers.onValidationError?.(validation.criticalErrors);
[7m   [0m [91m                                                          ~~~~~~~~~~~~~~[0m
[96msrc/modules/checkout/flow.ts[0m:[93m435[0m:[93m9[0m - [91merror[0m[90m TS2322: [0mType 'Success<{ success: false; newStep: number; previousStep: number; validationResult: CheckoutValidationResult; errors: any; blockers: any; }>' is not assignable to type 'Result<StepTransitionResult, WooError>'.
  Type 'Success<{ success: false; newStep: number; previousStep: number; validationResult: CheckoutValidationResult; errors: any; blockers: any; }>' is not assignable to type 'Success<StepTransitionResult>'.
    Type '{ success: false; newStep: number; previousStep: number; validationResult: CheckoutValidationResult; errors: any; blockers: any; }' is not assignable to type 'StepTransitionResult'.
      Types of property 'validationResult' are incompatible.
        Type 'CheckoutValidationResult' is missing the following properties from type 'CheckoutValidationResult': canProceed, validationResults, criticalErrors, blockers, recommendations

[7m435[0m         return Ok({
[7m   [0m [91m        ~~~~~~[0m
[96msrc/modules/checkout/flow.ts[0m:[93m440[0m:[93m30[0m - [91merror[0m[90m TS2339: [0mProperty 'criticalErrors' does not exist on type 'CheckoutValidationResult'.

[7m440[0m           errors: validation.criticalErrors,
[7m   [0m [91m                             ~~~~~~~~~~~~~~[0m
[96msrc/modules/checkout/flow.ts[0m:[93m441[0m:[93m32[0m - [91merror[0m[90m TS2339: [0mProperty 'blockers' does not exist on type 'CheckoutValidationResult'.

[7m441[0m           blockers: validation.blockers
[7m   [0m [91m                               ~~~~~~~~[0m
[96msrc/modules/checkout/flow.ts[0m:[93m458[0m:[93m11[0m - [91merror[0m[90m TS2322: [0mType 'Success<{ success: true; orderId: string; redirectUrl: string | undefined; paymentStatus: string; requiresRedirect: any; clientSecret: any; paymentIntentId: any; }>' is not assignable to type 'Result<StepTransitionResult, WooError>'.
  Type 'Success<{ success: true; orderId: string; redirectUrl: string | undefined; paymentStatus: string; requiresRedirect: any; clientSecret: any; paymentIntentId: any; }>' is not assignable to type 'Success<StepTransitionResult>'.
    Type '{ success: true; orderId: string; redirectUrl: string | undefined; paymentStatus: string; requiresRedirect: any; clientSecret: any; paymentIntentId: any; }' is missing the following properties from type 'StepTransitionResult': newStep, previousStep, errors, blockers

[7m458[0m           return Ok({
[7m   [0m [91m          ~~~~~~[0m
[96msrc/modules/checkout/flow.ts[0m:[93m463[0m:[93m39[0m - [91merror[0m[90m TS2339: [0mProperty 'requiresRedirect' does not exist on type '{ redirectUrl?: string; }'.

[7m463[0m             requiresRedirect: payment.requiresRedirect,
[7m   [0m [91m                                      ~~~~~~~~~~~~~~~~[0m
[96msrc/modules/checkout/flow.ts[0m:[93m464[0m:[93m35[0m - [91merror[0m[90m TS2339: [0mProperty 'clientSecret' does not exist on type '{ redirectUrl?: string; }'.

[7m464[0m             clientSecret: payment.clientSecret,
[7m   [0m [91m                                  ~~~~~~~~~~~~[0m
[96msrc/modules/checkout/flow.ts[0m:[93m465[0m:[93m38[0m - [91merror[0m[90m TS2339: [0mProperty 'paymentIntentId' does not exist on type '{ redirectUrl?: string; }'.

[7m465[0m             paymentIntentId: payment.paymentIntentId
[7m   [0m [91m                                     ~~~~~~~~~~~~~~~[0m
[96msrc/modules/checkout/flow.ts[0m:[93m673[0m:[93m9[0m - [91merror[0m[90m TS2322: [0mType '{ id: number; productId: number; variationId: number | undefined; quantity: number; price: number; total: number; subtotal: number; totalTax: number; subtotalTax: number; name: string; sku: string | undefined; meta: never[]; }[]' is not assignable to type 'readonly OrderLineItem[]'.
  Type '{ id: number; productId: number; variationId: number | undefined; quantity: number; price: number; total: number; subtotal: number; totalTax: number; subtotalTax: number; name: string; sku: string | undefined; meta: never[]; }' is not assignable to type 'OrderLineItem' with 'exactOptionalPropertyTypes: true'. Consider adding 'undefined' to the types of the target's properties.
    Types of property 'variationId' are incompatible.
      Type 'number | undefined' is not assignable to type 'number'.
        Type 'undefined' is not assignable to type 'number'.

[7m673[0m         lineItems: cart.items.map((item, index) => ({
[7m   [0m [91m        ~~~~~~~~~[0m

  [96msrc/types/checkout.ts[0m:[93m227[0m:[93m12[0m
    [7m227[0m   readonly lineItems: readonly OrderLineItem[];
    [7m   [0m [96m           ~~~~~~~~~[0m
    The expected type comes from property 'lineItems' which is declared here on type 'Order'
[96msrc/modules/checkout/flow.ts[0m:[93m720[0m:[93m66[0m - [91merror[0m[90m TS2345: [0mArgument of type '{ paymentMethodId: string; orderId: number; amount: number; currency: string; returnUrl: string; cancelUrl: string; }' is not assignable to parameter of type 'PaymentInitRequest'.
  Types of property 'orderId' are incompatible.
    Type 'number' is not assignable to type 'string'.

[7m720[0m       const result = await this.paymentService.initializePayment(paymentRequest);
[7m   [0m [91m                                                                 ~~~~~~~~~~~~~~[0m
[96msrc/modules/checkout/flow.ts[0m:[93m726[0m:[93m7[0m - [91merror[0m[90m TS2322: [0mType 'Success<{ redirectUrl: string | undefined; }>' is not assignable to type 'Result<{ redirectUrl?: string; }, WooError>'.
  Type 'Success<{ redirectUrl: string | undefined; }>' is not assignable to type 'Success<{ redirectUrl?: string; }>'.
    Type '{ redirectUrl: string | undefined; }' is not assignable to type '{ redirectUrl?: string; }' with 'exactOptionalPropertyTypes: true'. Consider adding 'undefined' to the types of the target's properties.
      Types of property 'redirectUrl' are incompatible.
        Type 'string | undefined' is not assignable to type 'string'.
          Type 'undefined' is not assignable to type 'string'.

[7m726[0m       return Ok({
[7m   [0m [91m      ~~~~~~[0m
[96msrc/modules/checkout/flow.ts[0m:[93m783[0m:[93m3[0m - [91merror[0m[90m TS2739: [0mType '{ minimumOrderAmount: number; requireEmail: true; requirePhoneNumber: false; requireCompanyName: false; requiredFields: never[]; }' is missing the following properties from type 'CheckoutValidationRules': requireShippingAddress, requireBillingAddress, allowGuestCheckout, restrictedCountries

[7m783[0m   validationRules: {
[7m   [0m [91m  ~~~~~~~~~~~~~~~[0m

  [96msrc/modules/checkout/flow.ts[0m:[93m67[0m:[93m12[0m
    [7m67[0m   readonly validationRules: CheckoutValidationRules;
    [7m  [0m [96m           ~~~~~~~~~~~~~~~[0m
    The expected type comes from property 'validationRules' which is declared here on type 'CheckoutFlowConfig'
[96msrc/modules/checkout/index.ts[0m:[93m39[0m:[93m3[0m - [91merror[0m[90m TS2459: [0mModule '"./payment"' declares 'PaymentInitRequest' locally, but it is not exported.

[7m39[0m   PaymentInitRequest,
[7m  [0m [91m  ~~~~~~~~~~~~~~~~~~[0m

  [96msrc/modules/checkout/payment.ts[0m:[93m19[0m:[93m3[0m
    [7m19[0m   PaymentInitRequest,
    [7m  [0m [96m  ~~~~~~~~~~~~~~~~~~[0m
    'PaymentInitRequest' is declared here.
[96msrc/modules/checkout/index.ts[0m:[93m193[0m:[93m9[0m - [91merror[0m[90m TS2322: [0mType 'Result<StepTransitionResult, WooError>' is not assignable to type 'Result<CheckoutFlowState, WooError>'.
  Type 'Success<StepTransitionResult>' is not assignable to type 'Result<CheckoutFlowState, WooError>'.
    Type 'Success<StepTransitionResult>' is not assignable to type 'Success<CheckoutFlowState>'.
      Type 'StepTransitionResult' is missing the following properties from type 'CheckoutFlowState': currentStep, completedSteps, availableSteps, canProceed, and 2 more.

[7m193[0m         return this.flowManager.goToStep(options.startStep, cart);
[7m   [0m [91m        ~~~~~~[0m
[96msrc/modules/checkout/index.ts[0m:[93m307[0m:[93m11[0m - [91merror[0m[90m TS2322: [0mType 'Success<{ paymentUrl: string | undefined; order: Order; requiresPayment: boolean; confirmationUrl: string; }>' is not assignable to type 'Result<OrderCreateResponse, WooError>'.
  Type 'Success<{ paymentUrl: string | undefined; order: Order; requiresPayment: boolean; confirmationUrl: string; }>' is not assignable to type 'Success<OrderCreateResponse>'.
    Type '{ paymentUrl: string | undefined; order: Order; requiresPayment: boolean; confirmationUrl: string; }' is not assignable to type 'OrderCreateResponse' with 'exactOptionalPropertyTypes: true'. Consider adding 'undefined' to the types of the target's properties.
      Types of property 'paymentUrl' are incompatible.
        Type 'string | undefined' is not assignable to type 'string'.
          Type 'undefined' is not assignable to type 'string'.

[7m307[0m           return Ok({
[7m   [0m [91m          ~~~~~~[0m
[96msrc/modules/checkout/index.ts[0m:[93m335[0m:[93m7[0m - [91merror[0m[90m TS2412: [0mType 'Partial<CheckoutValidationRules> | undefined' is not assignable to type 'CheckoutValidationRules | undefined' with 'exactOptionalPropertyTypes: true'. Consider adding 'undefined' to the type of the target.

[7m335[0m       checkoutRules: this.config.validation
[7m   [0m [91m      ~~~~~~~~~~~~~[0m

  [96msrc/modules/checkout/address.ts[0m:[93m42[0m:[93m12[0m
    [7m42[0m   readonly checkoutRules?: CheckoutValidationRules;
    [7m  [0m [96m           ~~~~~~~~~~~~~[0m
    The expected type comes from property 'checkoutRules' which is declared here on type 'AddressValidationContext'
[96msrc/modules/checkout/index.ts[0m:[93m396[0m:[93m7[0m - [91merror[0m[90m TS2322: [0mType '{ productId: number; variationId: number | undefined; quantity: number; weight: number | undefined; dimensions: { readonly length: string; readonly width: string; readonly height: string; } | undefined; }[]' is not assignable to type 'readonly { readonly productId: number; readonly variationId?: number; readonly quantity: number; readonly weight?: number; readonly dimensions?: { readonly length: number; readonly width: number; readonly height: number; }; }[]'.
  Type '{ productId: number; variationId: number | undefined; quantity: number; weight: number | undefined; dimensions: { readonly length: string; readonly width: string; readonly height: string; } | undefined; }' is not assignable to type '{ readonly productId: number; readonly variationId?: number; readonly quantity: number; readonly weight?: number; readonly dimensions?: { readonly length: number; readonly width: number; readonly height: number; }; }' with 'exactOptionalPropertyTypes: true'. Consider adding 'undefined' to the types of the target's properties.
    Types of property 'variationId' are incompatible.
      Type 'number | undefined' is not assignable to type 'number'.
        Type 'undefined' is not assignable to type 'number'.

[7m396[0m       cartItems: this.currentCart.items.map(item => ({
[7m   [0m [91m      ~~~~~~~~~[0m

  [96msrc/modules/checkout/shipping.ts[0m:[93m25[0m:[93m12[0m
    [7m25[0m   readonly cartItems: readonly {
    [7m  [0m [96m           ~~~~~~~~~[0m
    The expected type comes from property 'cartItems' which is declared here on type 'ShippingRateRequest'
[96msrc/modules/checkout/index.ts[0m:[93m448[0m:[93m5[0m - [91merror[0m[90m TS2322: [0mType 'Result<PaymentMethodsResponse, WooError>' is not assignable to type 'Result<PaymentMethod[], WooError>'.
  Type 'Success<PaymentMethodsResponse>' is not assignable to type 'Result<PaymentMethod[], WooError>'.
    Type 'Success<PaymentMethodsResponse>' is not assignable to type 'Success<PaymentMethod[]>'.
      Type 'PaymentMethodsResponse' is missing the following properties from type 'PaymentMethod[]': length, pop, push, concat, and 29 more.

[7m448[0m     return this.paymentService.getAvailablePaymentMethods(
[7m   [0m [91m    ~~~~~~[0m
[96msrc/modules/checkout/order.ts[0m:[93m159[0m:[93m11[0m - [91merror[0m[90m TS2322: [0mType '{ productId: number; variationId: number | undefined; quantity: number; operation: "decrease"; }[]' is not assignable to type 'readonly { readonly productId: number; readonly variationId?: number; readonly quantity: number; readonly operation: "decrease" | "increase" | "reserve"; }[]'.
  Type '{ productId: number; variationId: number | undefined; quantity: number; operation: "decrease"; }' is not assignable to type '{ readonly productId: number; readonly variationId?: number; readonly quantity: number; readonly operation: "decrease" | "increase" | "reserve"; }' with 'exactOptionalPropertyTypes: true'. Consider adding 'undefined' to the types of the target's properties.
    Types of property 'variationId' are incompatible.
      Type 'number | undefined' is not assignable to type 'number'.
        Type 'undefined' is not assignable to type 'number'.

[7m159[0m           items: request.cart.items.map(item => ({
[7m   [0m [91m          ~~~~~[0m

  [96msrc/modules/checkout/order.ts[0m:[93m65[0m:[93m12[0m
    [7m65[0m   readonly items: readonly {
    [7m  [0m [96m           ~~~~~[0m
    The expected type comes from property 'items' which is declared here on type 'InventoryUpdateRequest'
[96msrc/modules/checkout/order.ts[0m:[93m267[0m:[93m13[0m - [91merror[0m[90m TS6133: [0m'order' is declared but its value is never read.

[7m267[0m       const order = unwrap(orderResult);
[7m   [0m [91m            ~~~~~[0m
[96msrc/modules/checkout/order.ts[0m:[93m344[0m:[93m11[0m - [91merror[0m[90m TS2322: [0mType 'number' is not assignable to type 'string'.

[7m344[0m           orderId: cancelledOrder.id,
[7m   [0m [91m          ~~~~~~~[0m

  [96msrc/modules/checkout/order.ts[0m:[93m64[0m:[93m12[0m
    [7m64[0m   readonly orderId: string;
    [7m  [0m [96m           ~~~~~~~[0m
    The expected type comes from property 'orderId' which is declared here on type 'InventoryUpdateRequest'
[96msrc/modules/checkout/order.ts[0m:[93m345[0m:[93m11[0m - [91merror[0m[90m TS2322: [0mType '{ productId: number; variationId: number | undefined; quantity: number; operation: "increase"; }[]' is not assignable to type 'readonly { readonly productId: number; readonly variationId?: number; readonly quantity: number; readonly operation: "decrease" | "increase" | "reserve"; }[]'.
  Type '{ productId: number; variationId: number | undefined; quantity: number; operation: "increase"; }' is not assignable to type '{ readonly productId: number; readonly variationId?: number; readonly quantity: number; readonly operation: "decrease" | "increase" | "reserve"; }' with 'exactOptionalPropertyTypes: true'. Consider adding 'undefined' to the types of the target's properties.
    Types of property 'variationId' are incompatible.
      Type 'number | undefined' is not assignable to type 'number'.
        Type 'undefined' is not assignable to type 'number'.

[7m345[0m           items: cancelledOrder.lineItems.map(item => ({
[7m   [0m [91m          ~~~~~[0m

  [96msrc/modules/checkout/order.ts[0m:[93m65[0m:[93m12[0m
    [7m65[0m   readonly items: readonly {
    [7m  [0m [96m           ~~~~~[0m
    The expected type comes from property 'items' which is declared here on type 'InventoryUpdateRequest'
[96msrc/modules/checkout/order.ts[0m:[93m603[0m:[93m7[0m - [91merror[0m[90m TS2353: [0mObject literal may only specify known properties, and 'orderNotes' does not exist in type 'Order'.

[7m603[0m       orderNotes: data.customer_note || '',
[7m   [0m [91m      ~~~~~~~~~~[0m
[96msrc/modules/checkout/payment.ts[0m:[93m14[0m:[93m3[0m - [91merror[0m[90m TS6133: [0m'PaymentTransaction' is declared but its value is never read.

[7m14[0m   PaymentTransaction,
[7m  [0m [91m  ~~~~~~~~~~~~~~~~~~[0m
[96msrc/modules/checkout/payment.ts[0m:[93m15[0m:[93m3[0m - [91merror[0m[90m TS6133: [0m'CreditCard' is declared but its value is never read.

[7m15[0m   CreditCard,
[7m  [0m [91m  ~~~~~~~~~~[0m
[96msrc/modules/checkout/payment.ts[0m:[93m16[0m:[93m3[0m - [91merror[0m[90m TS6133: [0m'Order' is declared but its value is never read.

[7m16[0m   Order,
[7m  [0m [91m  ~~~~~[0m
[96msrc/modules/checkout/payment.ts[0m:[93m17[0m:[93m3[0m - [91merror[0m[90m TS6133: [0m'OrderTotals' is declared but its value is never read.

[7m17[0m   OrderTotals,
[7m  [0m [91m  ~~~~~~~~~~~[0m
[96msrc/modules/checkout/payment.ts[0m:[93m18[0m:[93m3[0m - [91merror[0m[90m TS6133: [0m'PaymentRequest' is declared but its value is never read.

[7m18[0m   PaymentRequest,
[7m  [0m [91m  ~~~~~~~~~~~~~~[0m
[96msrc/modules/checkout/payment.ts[0m:[93m20[0m:[93m3[0m - [91merror[0m[90m TS6133: [0m'PaymentStatusRequest' is declared but its value is never read.

[7m20[0m   PaymentStatusRequest,
[7m  [0m [91m  ~~~~~~~~~~~~~~~~~~~~[0m
[96msrc/modules/checkout/payment.ts[0m:[93m22[0m:[93m3[0m - [91merror[0m[90m TS6133: [0m'CheckoutSession' is declared but its value is never read.

[7m22[0m   CheckoutSession
[7m  [0m [91m  ~~~~~~~~~~~~~~~[0m
[96msrc/modules/checkout/payment.ts[0m:[93m128[0m:[93m9[0m - [91merror[0m[90m TS2322: [0mType 'string | undefined' is not assignable to type 'string'.
  Type 'undefined' is not assignable to type 'string'.

[7m128[0m         country: country?.toUpperCase()
[7m   [0m [91m        ~~~~~~~[0m
[96msrc/modules/checkout/payment.ts[0m:[93m193[0m:[93m13[0m - [91merror[0m[90m TS2375: [0mType '{ paymentId: any; redirectUrl: any; requiresRedirect: any; clientSecret: any; paymentIntentId: any; instructions: any; expiresAt: Date | undefined; }' is not assignable to type 'PaymentInitResponse' with 'exactOptionalPropertyTypes: true'. Consider adding 'undefined' to the types of the target's properties.
  Types of property 'expiresAt' are incompatible.
    Type 'Date | undefined' is not assignable to type 'Date'.
      Type 'undefined' is not assignable to type 'Date'.

[7m193[0m       const initResponse: PaymentInitResponse = {
[7m   [0m [91m            ~~~~~~~~~~~~[0m
[96msrc/modules/checkout/payment.ts[0m:[93m226[0m:[93m13[0m - [91merror[0m[90m TS2375: [0mType '{ paymentId: any; status: any; transactionId: any; failureReason: any; redirectUrl: any; nextAction: { type: any; url: any; data: any; } | undefined; }' is not assignable to type 'PaymentStatusResponse' with 'exactOptionalPropertyTypes: true'. Consider adding 'undefined' to the types of the target's properties.
  Types of property 'nextAction' are incompatible.
    Type '{ type: any; url: any; data: any; } | undefined' is not assignable to type '{ readonly type: "redirect" | "authenticate" | "confirm"; readonly url?: string; readonly data?: Record<string, unknown>; }'.
      Type 'undefined' is not assignable to type '{ readonly type: "redirect" | "authenticate" | "confirm"; readonly url?: string; readonly data?: Record<string, unknown>; }'.

[7m226[0m       const statusResponse: PaymentStatusResponse = {
[7m   [0m [91m            ~~~~~~~~~~~~~~[0m
[96msrc/modules/checkout/payment.ts[0m:[93m441[0m:[93m7[0m - [91merror[0m[90m TS2412: [0mType 'readonly string[] | undefined' is not assignable to type 'string[] | undefined' with 'exactOptionalPropertyTypes: true'. Consider adding 'undefined' to the type of the target.

[7m441[0m       acceptedCards: method.acceptedCards
[7m   [0m [91m      ~~~~~~~~~~~~~[0m

  [96msrc/modules/checkout/payment.ts[0m:[93m435[0m:[93m5[0m
    [7m435[0m     acceptedCards?: string[];
    [7m   [0m [96m    ~~~~~~~~~~~~~[0m
    The expected type comes from property 'acceptedCards' which is declared here on type '{ title: string; description: string; icon?: string; acceptedCards?: string[]; }'
[96msrc/modules/checkout/payment.ts[0m:[93m485[0m:[93m24[0m - [91merror[0m[90m TS2339: [0mProperty 'invalidatePattern' does not exist on type 'CacheManager'.

[7m485[0m       await this.cache.invalidatePattern('payment-');
[7m   [0m [91m                       ~~~~~~~~~~~~~~~~~[0m
[96msrc/modules/checkout/shipping.ts[0m:[93m9[0m:[93m34[0m - [91merror[0m[90m TS6133: [0m'isOk' is declared but its value is never read.

[7m9[0m import { Result, Ok, Err, isErr, isOk, unwrap, unwrapErr } from '../../types/result';
[7m [0m [91m                                 ~~~~[0m
[96msrc/modules/checkout/shipping.ts[0m:[93m188[0m:[93m7[0m - [91merror[0m[90m TS2322: [0mType 'Success<{}>' is not assignable to type 'Result<ShippingZone[], WooError>'.
  Type 'Success<{}>' is not assignable to type 'Success<ShippingZone[]>'.
    Type '{}' is missing the following properties from type 'ShippingZone[]': length, pop, push, concat, and 29 more.

[7m188[0m       return Ok(zones);
[7m   [0m [91m      ~~~~~~[0m
[96msrc/modules/checkout/shipping.ts[0m:[93m229[0m:[93m28[0m - [91merror[0m[90m TS2339: [0mProperty 'cost' does not exist on type 'Response<unknown>'.

[7m229[0m         shippingCost: data.cost || 0,
[7m   [0m [91m                           ~~~~[0m
[96msrc/modules/checkout/shipping.ts[0m:[93m230[0m:[93m27[0m - [91merror[0m[90m TS2339: [0mProperty 'tax' does not exist on type 'Response<unknown>'.

[7m230[0m         shippingTax: data.tax || 0,
[7m   [0m [91m                          ~~~[0m
[96msrc/modules/checkout/shipping.ts[0m:[93m231[0m:[93m33[0m - [91merror[0m[90m TS2339: [0mProperty 'estimated_delivery' does not exist on type 'Response<unknown>'.

[7m231[0m         estimatedDelivery: data.estimated_delivery,
[7m   [0m [91m                                ~~~~~~~~~~~~~~~~~~[0m
[96msrc/modules/checkout/shipping.ts[0m:[93m232[0m:[93m33[0m - [91merror[0m[90m TS2339: [0mProperty 'tracking_available' does not exist on type 'Response<unknown>'.

[7m232[0m         trackingAvailable: data.tracking_available || false
[7m   [0m [91m                                ~~~~~~~~~~~~~~~~~~[0m
[96msrc/modules/checkout/shipping.ts[0m:[93m286[0m:[93m5[0m - [91merror[0m[90m TS2322: [0mType 'ShippingRate | undefined' is not assignable to type 'ShippingRate | null'.
  Type 'undefined' is not assignable to type 'ShippingRate | null'.

[7m286[0m     return rates[0];
[7m   [0m [91m    ~~~~~~[0m
[96msrc/modules/checkout/shipping.ts[0m:[93m354[0m:[93m30[0m - [91merror[0m[90m TS2345: [0mArgument of type 'string | undefined' is not assignable to parameter of type 'string'.
  Type 'undefined' is not assignable to type 'string'.

[7m354[0m     const minDays = parseInt(deliveryMatch[1]);
[7m   [0m [91m                             ~~~~~~~~~~~~~~~~[0m
[96msrc/modules/checkout/shipping.ts[0m:[93m383[0m:[93m24[0m - [91merror[0m[90m TS2339: [0mProperty 'invalidatePattern' does not exist on type 'CacheManager'.

[7m383[0m       await this.cache.invalidatePattern('shipping-');
[7m   [0m [91m                       ~~~~~~~~~~~~~~~~~[0m
[96msrc/modules/checkout/validation.ts[0m:[93m7[0m:[93m34[0m - [91merror[0m[90m TS6133: [0m'isOk' is declared but its value is never read.

[7m7[0m import { Result, Ok, Err, isErr, isOk, unwrap, unwrapErr } from '../../types/result';
[7m [0m [91m                                 ~~~~[0m
[96msrc/modules/checkout/validation.ts[0m:[93m11[0m:[93m3[0m - [91merror[0m[90m TS2440: [0mImport declaration conflicts with local declaration of 'CheckoutValidationResult'.

[7m11[0m   CheckoutValidationResult,
[7m  [0m [91m  ~~~~~~~~~~~~~~~~~~~~~~~~[0m
[96msrc/modules/checkout/validation.ts[0m:[93m12[0m:[93m3[0m - [91merror[0m[90m TS2724: [0m'"../../types/checkout"' has no exported member named 'CheckoutValidationContext'. Did you mean 'CheckoutValidationResult'?

[7m12[0m   CheckoutValidationContext,
[7m  [0m [91m  ~~~~~~~~~~~~~~~~~~~~~~~~~[0m
[96msrc/modules/checkout/validation.ts[0m:[93m183[0m:[93m7[0m - [91merror[0m[90m TS2322: [0mType 'Success<{ isValid: boolean; canProceed: boolean; validationResults: ValidationResult[]; criticalErrors: string[]; warnings: string[]; blockers: string[]; recommendations: string[]; }>' is not assignable to type 'Result<CheckoutValidationResult, WooError>'.
  Type 'Success<{ isValid: boolean; canProceed: boolean; validationResults: ValidationResult[]; criticalErrors: string[]; warnings: string[]; blockers: string[]; recommendations: string[]; }>' is not assignable to type 'Success<CheckoutValidationResult>'.
    Property 'errors' is missing in type '{ isValid: boolean; canProceed: boolean; validationResults: ValidationResult[]; criticalErrors: string[]; warnings: string[]; blockers: string[]; recommendations: string[]; }' but required in type 'CheckoutValidationResult'.

[7m183[0m       return Ok({
[7m   [0m [91m      ~~~~~~[0m

  [96msrc/types/checkout.ts[0m:[93m712[0m:[93m12[0m
    [7m712[0m   readonly errors: readonly CheckoutError[];
    [7m   [0m [96m           ~~~~~~[0m
    'errors' is declared here.
[96msrc/modules/checkout/validation.ts[0m:[93m320[0m:[93m43[0m - [91merror[0m[90m TS7006: [0mParameter 'item' implicitly has an 'any' type.

[7m320[0m         cartItems: context.cart.items.map(item => ({
[7m   [0m [91m                                          ~~~~[0m
[96msrc/modules/checkout/validation.ts[0m:[93m570[0m:[93m7[0m - [91merror[0m[90m TS2322: [0mType 'Success<{ isValid: boolean; canProceed: boolean; validationResults: ValidationResult[]; criticalErrors: string[]; warnings: string[]; blockers: string[]; recommendations: never[]; }>' is not assignable to type 'Result<CheckoutValidationResult, WooError>'.
  Type 'Success<{ isValid: boolean; canProceed: boolean; validationResults: ValidationResult[]; criticalErrors: string[]; warnings: string[]; blockers: string[]; recommendations: never[]; }>' is not assignable to type 'Success<CheckoutValidationResult>'.
    Property 'errors' is missing in type '{ isValid: boolean; canProceed: boolean; validationResults: ValidationResult[]; criticalErrors: string[]; warnings: string[]; blockers: string[]; recommendations: never[]; }' but required in type 'CheckoutValidationResult'.

[7m570[0m       return Ok({
[7m   [0m [91m      ~~~~~~[0m

  [96msrc/types/checkout.ts[0m:[93m712[0m:[93m12[0m
    [7m712[0m   readonly errors: readonly CheckoutError[];
    [7m   [0m [96m           ~~~~~~[0m
    'errors' is declared here.
[96msrc/modules/products/index.ts[0m:[93m8[0m:[93m27[0m - [91merror[0m[90m TS6133: [0m'isOk' is declared but its value is never read.

[7m8[0m import { Result, Ok, Err, isOk } from '../../types/result';
[7m [0m [91m                          ~~~~[0m
[96msrc/modules/products/index.ts[0m:[93m14[0m:[93m3[0m - [91merror[0m[90m TS6133: [0m'isWooCommerceProduct' is declared but its value is never read.

[7m14[0m   isWooCommerceProduct
[7m  [0m [91m  ~~~~~~~~~~~~~~~~~~~~[0m
[96msrc/modules/products/index.ts[0m:[93m16[0m:[93m1[0m - [91merror[0m[90m TS6192: [0mAll imports in import declaration are unused.

[7m16[0m import { PaginationConfig, SortConfig, Filter } from '../../types/config';
[7m  [0m [91m~~~~~~~~~~~~~~~~~~~~~~~~~~~~~~~~~~~~~~~~~~~~~~~~~~~~~~~~~~~~~~~~~~~~~~~~~~[0m
[96msrc/modules/products/index.ts[0m:[93m17[0m:[93m1[0m - [91merror[0m[90m TS6133: [0m'z' is declared but its value is never read.

[7m17[0m import { z } from 'zod';
[7m  [0m [91m~~~~~~~~~~~~~~~~~~~~~~~~[0m
[96msrc/modules/products/index.ts[0m:[93m118[0m:[93m25[0m - [91merror[0m[90m TS2352: [0mConversion of type '{ id: number; name: string; slug: string; status: "draft" | "pending" | "private" | "publish"; featured: boolean; catalog_visibility: "visible" | "catalog" | "search" | "hidden"; description: string; ... 9 more ...; stock_quantity?: number | undefined; }' to type 'WooCommerceProduct' may be a mistake because neither type sufficiently overlaps with the other. If this was intentional, convert the expression to 'unknown' first.
  Type '{ id: number; name: string; slug: string; status: "draft" | "pending" | "private" | "publish"; featured: boolean; catalog_visibility: "visible" | "catalog" | "search" | "hidden"; description: string; ... 9 more ...; stock_quantity?: number | undefined; }' is missing the following properties from type 'WooCommerceProduct': permalink, date_created, date_created_gmt, date_modified, and 40 more.

[7m118[0m           products.push(validated as WooCommerceProduct);
[7m   [0m [91m                        ~~~~~~~~~~~~~~~~~~~~~~~~~~~~~~~[0m
[96msrc/modules/products/index.ts[0m:[93m178[0m:[93m25[0m - [91merror[0m[90m TS2352: [0mConversion of type '{ id: number; name: string; slug: string; status: "draft" | "pending" | "private" | "publish"; featured: boolean; catalog_visibility: "visible" | "catalog" | "search" | "hidden"; description: string; ... 9 more ...; stock_quantity?: number | undefined; }' to type 'WooCommerceProduct' may be a mistake because neither type sufficiently overlaps with the other. If this was intentional, convert the expression to 'unknown' first.
  Type '{ id: number; name: string; slug: string; status: "draft" | "pending" | "private" | "publish"; featured: boolean; catalog_visibility: "visible" | "catalog" | "search" | "hidden"; description: string; ... 9 more ...; stock_quantity?: number | undefined; }' is missing the following properties from type 'WooCommerceProduct': permalink, date_created, date_created_gmt, date_modified, and 40 more.

[7m178[0m         const product = validated as WooCommerceProduct;
[7m   [0m [91m                        ~~~~~~~~~~~~~~~~~~~~~~~~~~~~~~~[0m
[96msrc/modules/reviews/index.ts[0m:[93m281[0m:[93m49[0m - [91merror[0m[90m TS2345: [0mArgument of type 'readonly ReviewImage[]' is not assignable to parameter of type 'ReviewImage[]'.
  The type 'readonly ReviewImage[]' is 'readonly' and cannot be assigned to the mutable type 'ReviewImage[]'.

[7m281[0m         await this.updateReviewImages(reviewId, updateData.images);
[7m   [0m [91m                                                ~~~~~~~~~~~~~~~~~[0m
[96msrc/modules/reviews/index.ts[0m:[93m472[0m:[93m9[0m - [91merror[0m[90m TS2322: [0mType 'ReviewStatus' is not assignable to type '"trash" | "hold" | "spam" | "approve"'.
  Type '"approved"' is not assignable to type '"trash" | "hold" | "spam" | "approve"'. Did you mean '"approve"'?

[7m472[0m         action,
[7m   [0m [91m        ~~~~~~[0m

  [96msrc/types/review.ts[0m:[93m184[0m:[93m12[0m
    [7m184[0m   readonly action: 'approve' | 'hold' | 'spam' | 'trash';
    [7m   [0m [96m           ~~~~~~[0m
    The expected type comes from property 'action' which is declared here on type 'ReviewModeration'
[96msrc/modules/reviews/index.ts[0m:[93m501[0m:[93m13[0m - [91merror[0m[90m TS2375: [0mType '{ page: number; limit: number; search: string | undefined; }' is not assignable to type 'ReviewListParams' with 'exactOptionalPropertyTypes: true'. Consider adding 'undefined' to the types of the target's properties.
  Types of property 'search' are incompatible.
    Type 'string | undefined' is not assignable to type 'string'.
      Type 'undefined' is not assignable to type 'string'.

[7m501[0m       const params: ReviewListParams = {
[7m   [0m [91m            ~~~~~~[0m
[96msrc/modules/reviews/index.ts[0m:[93m517[0m:[93m16[0m - [91merror[0m[90m TS2540: [0mCannot assign to 'orderby' because it is a read-only property.

[7m517[0m         params.orderby = primarySort.field as any;
[7m   [0m [91m               ~~~~~~~[0m
[96msrc/modules/reviews/index.ts[0m:[93m517[0m:[93m26[0m - [91merror[0m[90m TS18048: [0m'primarySort' is possibly 'undefined'.

[7m517[0m         params.orderby = primarySort.field as any;
[7m   [0m [91m                         ~~~~~~~~~~~[0m
[96msrc/modules/reviews/index.ts[0m:[93m518[0m:[93m16[0m - [91merror[0m[90m TS2540: [0mCannot assign to 'order' because it is a read-only property.

[7m518[0m         params.order = primarySort.direction;
[7m   [0m [91m               ~~~~~[0m
[96msrc/modules/reviews/index.ts[0m:[93m518[0m:[93m24[0m - [91merror[0m[90m TS18048: [0m'primarySort' is possibly 'undefined'.

[7m518[0m         params.order = primarySort.direction;
[7m   [0m [91m                       ~~~~~~~~~~~[0m
[96msrc/modules/reviews/index.ts[0m:[93m627[0m:[93m26[0m - [91merror[0m[90m TS2339: [0mProperty 'parse' does not exist on type '{ product_id: { min: number; type: string; }; review: { min: number; max: number; type: string; }; reviewer: { min: number; max: number; type: string; }; reviewer_email: { type: string; }; rating: { min: number; max: number; type: string; }; parent_id: { ...; }; images: { ...; }; }'.

[7m627[0m       CreateReviewSchema.parse(reviewData);
[7m   [0m [91m                         ~~~~~[0m
[96msrc/modules/reviews/index.ts[0m:[93m629[0m:[93m28[0m - [91merror[0m[90m TS2304: [0mCannot find name 'z'.

[7m629[0m       if (error instanceof z.ZodError) {
[7m   [0m [91m                           ~[0m
[96msrc/modules/reviews/index.ts[0m:[93m630[0m:[93m24[0m - [91merror[0m[90m TS18046: [0m'error' is of type 'unknown'.

[7m630[0m         errors.push(...error.errors.map(e => e.message));
[7m   [0m [91m                       ~~~~~[0m
[96msrc/modules/reviews/index.ts[0m:[93m630[0m:[93m41[0m - [91merror[0m[90m TS7006: [0mParameter 'e' implicitly has an 'any' type.

[7m630[0m         errors.push(...error.errors.map(e => e.message));
[7m   [0m [91m                                        ~[0m
[96msrc/modules/reviews/index.ts[0m:[93m758[0m:[93m24[0m - [91merror[0m[90m TS2339: [0mProperty 'deletePattern' does not exist on type 'CacheManager'.

[7m758[0m       await this.cache.deletePattern(pattern);
[7m   [0m [91m                       ~~~~~~~~~~~~~[0m
[96msrc/modules/reviews/index.ts[0m:[93m788[0m:[93m18[0m - [91merror[0m[90m TS2540: [0mCannot assign to 'rating' because it is a read-only property.

[7m788[0m           params.rating = filter.value as number;
[7m   [0m [91m                 ~~~~~~[0m
[96msrc/modules/reviews/index.ts[0m:[93m793[0m:[93m18[0m - [91merror[0m[90m TS2540: [0mCannot assign to 'verified' because it is a read-only property.

[7m793[0m           params.verified = filter.value as boolean;
[7m   [0m [91m                 ~~~~~~~~[0m
[96msrc/modules/search/index.ts[0m:[93m11[0m:[93m30[0m - [91merror[0m[90m TS6133: [0m'ProductSchema' is declared but its value is never read.

[7m11[0m import { WooCommerceProduct, ProductSchema } from '../../types/commerce';
[7m  [0m [91m                             ~~~~~~~~~~~~~[0m
[96msrc/modules/search/index.ts[0m:[93m35[0m:[93m3[0m - [91merror[0m[90m TS6133: [0m'isSearchQuery' is declared but its value is never read.

[7m35[0m   isSearchQuery
[7m  [0m [91m  ~~~~~~~~~~~~~[0m
[96msrc/modules/search/index.ts[0m:[93m288[0m:[93m11[0m - [91merror[0m[90m TS2375: [0mType '{ inStock: boolean | undefined; onSale: boolean | undefined; featured: boolean | undefined; minPrice: number | undefined; maxPrice: number | undefined; minRating: number | undefined; ... 14 more ...; rangeFilters: RangeFilter[]; }' is not assignable to type 'SearchQuery' with 'exactOptionalPropertyTypes: true'. Consider adding 'undefined' to the types of the target's properties.
  Types of property 'attributes' are incompatible.
    Type '{ [x: string]: string | string[]; } | undefined' is not assignable to type 'Record<string, string | string[]>'.
      Type 'undefined' is not assignable to type 'Record<string, string | string[]>'.

[7m288[0m     const completeQuery: SearchQuery = {
[7m   [0m [91m          ~~~~~~~~~~~~~[0m
[96msrc/modules/search/index.ts[0m:[93m493[0m:[93m22[0m - [91merror[0m[90m TS2345: [0mArgument of type 'string | undefined' is not assignable to parameter of type 'string'.
  Type 'undefined' is not assignable to type 'string'.

[7m493[0m         builder.sort(field, (direction as SortDirection) || 'asc');
[7m   [0m [91m                     ~~~~~[0m
[96msrc/modules/search/index.ts[0m:[93m591[0m:[93m9[0m - [91merror[0m[90m TS2412: [0mType '{ parsedQuery: SearchQuery; executionStats: { indexSize: number; processingTime: number; cacheHit: false; }; } | undefined' is not assignable to type '{ readonly parsedQuery: Record<string, unknown>; readonly executionStats: Record<string, unknown>; } | undefined' with 'exactOptionalPropertyTypes: true'. Consider adding 'undefined' to the type of the target.

[7m591[0m         debug: this.config.analytics.enabled ? {
[7m   [0m [91m        ~~~~~[0m

  [96msrc/types/search.ts[0m:[93m190[0m:[93m12[0m
    [7m190[0m   readonly debug?: {
    [7m   [0m [96m           ~~~~~[0m
    The expected type comes from property 'debug' which is declared here on type 'SearchResults'
[96msrc/modules/user/download-management.ts[0m:[93m445[0m:[93m13[0m - [91merror[0m[90m TS6133: [0m'startTime' is declared but its value is never read.

[7m445[0m       const startTime = Date.now();
[7m   [0m [91m            ~~~~~~~~~[0m
[96msrc/modules/user/email-verification.ts[0m:[93m296[0m:[93m12[0m - [91merror[0m[90m TS2532: [0mObject is possibly 'undefined'.

[7m296[0m          ? pendingTokens[0].createdAt
[7m   [0m [91m           ~~~~~~~~~~~~~~~~[0m
[96msrc/modules/user/email-verification.ts[0m:[93m600[0m:[93m34[0m - [91merror[0m[90m TS2551: [0mProperty 'change_email' does not exist on type '{ readonly welcome: EmailTemplate; readonly changeEmail: EmailTemplate; readonly resend: EmailTemplate; }'. Did you mean 'changeEmail'?

[7m600[0m     return this.config.templates[type];
[7m   [0m [91m                                 ~~~~[0m
[96msrc/modules/user/index.ts[0m:[93m19[0m:[93m3[0m - [91merror[0m[90m TS6133: [0m'WishlistItem' is declared but its value is never read.

[7m19[0m   WishlistItem,
[7m  [0m [91m  ~~~~~~~~~~~~[0m
[96msrc/modules/user/index.ts[0m:[93m26[0m:[93m3[0m - [91merror[0m[90m TS6133: [0m'UserListParams' is declared but its value is never read.

[7m26[0m   UserListParams,
[7m  [0m [91m  ~~~~~~~~~~~~~~[0m
[96msrc/modules/user/index.ts[0m:[93m27[0m:[93m3[0m - [91merror[0m[90m TS6133: [0m'UserListResponse' is declared but its value is never read.

[7m27[0m   UserListResponse,
[7m  [0m [91m  ~~~~~~~~~~~~~~~~[0m
[96msrc/modules/user/index.ts[0m:[93m28[0m:[93m3[0m - [91merror[0m[90m TS6133: [0m'UserStats' is declared but its value is never read.

[7m28[0m   UserStats,
[7m  [0m [91m  ~~~~~~~~~[0m
[96msrc/modules/user/index.ts[0m:[93m29[0m:[93m3[0m - [91merror[0m[90m TS6133: [0m'UserRole' is declared but its value is never read.

[7m29[0m   UserRole,
[7m  [0m [91m  ~~~~~~~~[0m
[96msrc/modules/user/index.ts[0m:[93m30[0m:[93m3[0m - [91merror[0m[90m TS6133: [0m'UserStatus' is declared but its value is never read.

[7m30[0m   UserStatus,
[7m  [0m [91m  ~~~~~~~~~~[0m
[96msrc/modules/user/index.ts[0m:[93m31[0m:[93m3[0m - [91merror[0m[90m TS6133: [0m'UserProfileSchema' is declared but its value is never read.

[7m31[0m   UserProfileSchema,
[7m  [0m [91m  ~~~~~~~~~~~~~~~~~[0m
[96msrc/modules/user/index.ts[0m:[93m32[0m:[93m3[0m - [91merror[0m[90m TS6133: [0m'UserAddressSchema' is declared but its value is never read.

[7m32[0m   UserAddressSchema,
[7m  [0m [91m  ~~~~~~~~~~~~~~~~~[0m
[96msrc/modules/user/index.ts[0m:[93m33[0m:[93m3[0m - [91merror[0m[90m TS6133: [0m'UserPreferencesSchema' is declared but its value is never read.

[7m33[0m   UserPreferencesSchema,
[7m  [0m [91m  ~~~~~~~~~~~~~~~~~~~~~[0m
[96msrc/modules/user/index.ts[0m:[93m35[0m:[93m3[0m - [91merror[0m[90m TS6133: [0m'UserAuthContextSchema' is declared but its value is never read.

[7m35[0m   UserAuthContextSchema,
[7m  [0m [91m  ~~~~~~~~~~~~~~~~~~~~~[0m
[96msrc/modules/user/index.ts[0m:[93m36[0m:[93m3[0m - [91merror[0m[90m TS6133: [0m'isUserProfile' is declared but its value is never read.

[7m36[0m   isUserProfile,
[7m  [0m [91m  ~~~~~~~~~~~~~[0m
[96msrc/modules/user/index.ts[0m:[93m37[0m:[93m3[0m - [91merror[0m[90m TS6133: [0m'isUserAddress' is declared but its value is never read.

[7m37[0m   isUserAddress,
[7m  [0m [91m  ~~~~~~~~~~~~~[0m
[96msrc/modules/user/index.ts[0m:[93m408[0m:[93m13[0m - [91merror[0m[90m TS2375: [0mType '{ userId: number; syncedAt: string; profile: UserProfile | undefined; customerData: CustomerData | undefined; addresses: readonly UserAddress[] | undefined; preferences: UserPreferences | undefined; orderHistory: readonly UserOrderSummary[] | undefined; wishlist: UserWishlist | undefined; syncErrors: string[] | unde...' is not assignable to type 'UserSyncResponse' with 'exactOptionalPropertyTypes: true'. Consider adding 'undefined' to the types of the target's properties.
  Types of property 'profile' are incompatible.
    Type 'UserProfile | undefined' is not assignable to type 'UserProfile'.
      Type 'undefined' is not assignable to type 'UserProfile'.

[7m408[0m       const response: UserSyncResponse = {
[7m   [0m [91m            ~~~~~~~~[0m
[96msrc/modules/user/index.ts[0m:[93m453[0m:[93m13[0m - [91merror[0m[90m TS2375: [0mType '{ id: any; wordpressUserId: any; username: any; email: any; firstName: any; lastName: any; displayName: any; avatar: any; bio: any; website: any; roles: any; status: "active"; dateRegistered: any; lastLogin: undefined; isEmailVerified: true; isPhoneVerified: false; }' is not assignable to type 'UserProfile' with 'exactOptionalPropertyTypes: true'. Consider adding 'undefined' to the types of the target's properties.
  Types of property 'lastLogin' are incompatible.
    Type 'undefined' is not assignable to type 'string'.

[7m453[0m       const profile: UserProfile = {
[7m   [0m [91m            ~~~~~~~[0m
[96msrc/modules/user/index.ts[0m:[93m736[0m:[93m5[0m - [91merror[0m[90m TS2322: [0mType 'Success<{ profile: UserProfile; customerData: CustomerData | undefined; }>' is not assignable to type 'Result<{ profile: UserProfile; customerData?: CustomerData; }, WooError>'.
  Type 'Success<{ profile: UserProfile; customerData: CustomerData | undefined; }>' is not assignable to type 'Success<{ profile: UserProfile; customerData?: CustomerData; }>'.
    Type '{ profile: UserProfile; customerData: CustomerData | undefined; }' is not assignable to type '{ profile: UserProfile; customerData?: CustomerData; }' with 'exactOptionalPropertyTypes: true'. Consider adding 'undefined' to the types of the target's properties.
      Types of property 'customerData' are incompatible.
        Type 'CustomerData | undefined' is not assignable to type 'CustomerData'.
          Type 'undefined' is not assignable to type 'CustomerData'.

[7m736[0m     return Ok({ profile, customerData });
[7m   [0m [91m    ~~~~~~[0m
[96msrc/modules/user/social-login.ts[0m:[93m233[0m:[93m74[0m - [91merror[0m[90m TS2379: [0mArgument of type '{ state: string; codeChallenge: string; codeChallengeMethod: "S256" | "plain"; returnUrl: string | undefined; }' is not assignable to parameter of type '{ state: string; codeChallenge: string; codeChallengeMethod: string; returnUrl?: string; }' with 'exactOptionalPropertyTypes: true'. Consider adding 'undefined' to the types of the target's properties.
  Types of property 'returnUrl' are incompatible.
    Type 'string | undefined' is not assignable to type 'string'.
      Type 'undefined' is not assignable to type 'string'.

[7m233[0m       const authUrl = await this.buildAuthorizationUrl(request.provider, {
[7m   [0m [91m                                                                         ~[0m
[7m234[0m         state,
[7m   [0m [91m~~~~~~~~~~~~~~[0m
[7m...[0m 
[7m237[0m         returnUrl: request.returnUrl
[7m   [0m [91m~~~~~~~~~~~~~~~~~~~~~~~~~~~~~~~~~~~~[0m
[7m238[0m       });
[7m   [0m [91m~~~~~~~[0m
[96msrc/modules/user/social-login.ts[0m:[93m243[0m:[93m31[0m - [91merror[0m[90m TS2339: [0mProperty 'codeVerifier' does not exist on type 'SocialLoginRequest'.

[7m243[0m         codeVerifier: request.codeVerifier || codeVerifier,
[7m   [0m [91m                              ~~~~~~~~~~~~[0m
[96msrc/modules/user/social-login.ts[0m:[93m251[0m:[93m31[0m - [91merror[0m[90m TS2339: [0mProperty 'codeVerifier' does not exist on type 'SocialLoginRequest'.

[7m251[0m         codeVerifier: request.codeVerifier || codeVerifier,
[7m   [0m [91m                              ~~~~~~~~~~~~[0m
[96msrc/modules/user/social-login.ts[0m:[93m327[0m:[93m52[0m - [91merror[0m[90m TS2554: [0mExpected 1 arguments, but got 2.

[7m327[0m       await this.linkSocialAccount(userProfile.id, socialProfile);
[7m   [0m [91m                                                   ~~~~~~~~~~~~~[0m
[96msrc/modules/user/social-login.ts[0m:[93m339[0m:[93m9[0m - [91merror[0m[90m TS2353: [0mObject literal may only specify known properties, and 'expiresAt' does not exist in type 'UserAuthContext'.

[7m339[0m         expiresAt: tokens.expiresAt,
[7m   [0m [91m        ~~~~~~~~~[0m
[96msrc/modules/user/social-login.ts[0m:[93m346[0m:[93m7[0m - [91merror[0m[90m TS2322: [0mType 'Success<{ success: true; userProfile: UserProfile; authContext: UserAuthContext; isNewAccount: boolean; linkedAccounts: readonly SocialAccountLink[]; accessToken: string; refreshToken: string | undefined; expiresAt: Date | undefined; }>' is not assignable to type 'Result<SocialLoginCallbackResponse, WooError>'.
  Type 'Success<{ success: true; userProfile: UserProfile; authContext: UserAuthContext; isNewAccount: boolean; linkedAccounts: readonly SocialAccountLink[]; accessToken: string; refreshToken: string | undefined; expiresAt: Date | undefined; }>' is not assignable to type 'Success<SocialLoginCallbackResponse>'.
    Type '{ success: true; userProfile: UserProfile; authContext: UserAuthContext; isNewAccount: boolean; linkedAccounts: readonly SocialAccountLink[]; accessToken: string; refreshToken: string | undefined; expiresAt: Date | undefined; }' is not assignable to type 'SocialLoginCallbackResponse' with 'exactOptionalPropertyTypes: true'. Consider adding 'undefined' to the types of the target's properties.
      Types of property 'refreshToken' are incompatible.
        Type 'string | undefined' is not assignable to type 'string'.
          Type 'undefined' is not assignable to type 'string'.

[7m346[0m       return Ok({
[7m   [0m [91m      ~~~~~~[0m
[96msrc/modules/user/social-login.ts[0m:[93m382[0m:[93m13[0m - [91merror[0m[90m TS2375: [0mType '{ provider: SocialProvider; providerId: string; email: string; name: string; avatar: string | undefined; linkedAt: Date; lastUsed: Date; }' is not assignable to type 'SocialAccountLink' with 'exactOptionalPropertyTypes: true'. Consider adding 'undefined' to the types of the target's properties.
  Types of property 'avatar' are incompatible.
    Type 'string | undefined' is not assignable to type 'string'.
      Type 'undefined' is not assignable to type 'string'.

[7m382[0m       const link: SocialAccountLink = {
[7m   [0m [91m            ~~~~[0m
[96msrc/modules/user/social-login.ts[0m:[93m704[0m:[93m15[0m - [91merror[0m[90m TS2375: [0mType '{ id: any; wordpressUserId: any; username: any; email: any; firstName: any; lastName: any; displayName: any; avatar: string | undefined; roles: any; status: "active"; dateRegistered: any; isEmailVerified: true; isPhoneVerified: false; }' is not assignable to type 'UserProfile' with 'exactOptionalPropertyTypes: true'. Consider adding 'undefined' to the types of the target's properties.
  Types of property 'avatar' are incompatible.
    Type 'string | undefined' is not assignable to type 'string'.
      Type 'undefined' is not assignable to type 'string'.

[7m704[0m         const userProfile: UserProfile = {
[7m   [0m [91m              ~~~~~~~~~~~[0m
[96msrc/modules/user/social-login.ts[0m:[93m746[0m:[93m13[0m - [91merror[0m[90m TS2375: [0mType '{ id: any; wordpressUserId: any; username: any; email: any; firstName: any; lastName: any; displayName: any; avatar: string | undefined; roles: any; status: "active"; dateRegistered: any; isEmailVerified: true; isPhoneVerified: false; }' is not assignable to type 'UserProfile' with 'exactOptionalPropertyTypes: true'. Consider adding 'undefined' to the types of the target's properties.
  Types of property 'avatar' are incompatible.
    Type 'string | undefined' is not assignable to type 'string'.
      Type 'undefined' is not assignable to type 'string'.

[7m746[0m       const userProfile: UserProfile = {
[7m   [0m [91m            ~~~~~~~~~~~[0m
[96msrc/modules/user/social-login.ts[0m:[93m747[0m:[93m13[0m - [91merror[0m[90m TS18046: [0m'createdUser' is of type 'unknown'.

[7m747[0m         id: createdUser.id,
[7m   [0m [91m            ~~~~~~~~~~~[0m
[96msrc/modules/user/social-login.ts[0m:[93m748[0m:[93m26[0m - [91merror[0m[90m TS18046: [0m'createdUser' is of type 'unknown'.

[7m748[0m         wordpressUserId: createdUser.id,
[7m   [0m [91m                         ~~~~~~~~~~~[0m
[96msrc/modules/user/social-login.ts[0m:[93m749[0m:[93m19[0m - [91merror[0m[90m TS18046: [0m'createdUser' is of type 'unknown'.

[7m749[0m         username: createdUser.username,
[7m   [0m [91m                  ~~~~~~~~~~~[0m
[96msrc/modules/user/social-login.ts[0m:[93m750[0m:[93m16[0m - [91merror[0m[90m TS18046: [0m'createdUser' is of type 'unknown'.

[7m750[0m         email: createdUser.email,
[7m   [0m [91m               ~~~~~~~~~~~[0m
[96msrc/modules/user/social-login.ts[0m:[93m751[0m:[93m20[0m - [91merror[0m[90m TS18046: [0m'createdUser' is of type 'unknown'.

[7m751[0m         firstName: createdUser.first_name || '',
[7m   [0m [91m                   ~~~~~~~~~~~[0m
[96msrc/modules/user/social-login.ts[0m:[93m752[0m:[93m19[0m - [91merror[0m[90m TS18046: [0m'createdUser' is of type 'unknown'.

[7m752[0m         lastName: createdUser.last_name || '',
[7m   [0m [91m                  ~~~~~~~~~~~[0m
[96msrc/modules/user/social-login.ts[0m:[93m753[0m:[93m22[0m - [91merror[0m[90m TS18046: [0m'createdUser' is of type 'unknown'.

[7m753[0m         displayName: createdUser.display_name,
[7m   [0m [91m                     ~~~~~~~~~~~[0m
[96msrc/modules/user/social-login.ts[0m:[93m755[0m:[93m16[0m - [91merror[0m[90m TS18046: [0m'createdUser' is of type 'unknown'.

[7m755[0m         roles: createdUser.roles || ['customer'],
[7m   [0m [91m               ~~~~~~~~~~~[0m
[96msrc/modules/user/social-login.ts[0m:[93m757[0m:[93m25[0m - [91merror[0m[90m TS18046: [0m'createdUser' is of type 'unknown'.

[7m757[0m         dateRegistered: createdUser.date || new Date().toISOString(),
[7m   [0m [91m                        ~~~~~~~~~~~[0m
[96msrc/modules/user/social-login.ts[0m:[93m777[0m:[93m26[0m - [91merror[0m[90m TS2532: [0mObject is possibly 'undefined'.

[7m777[0m     const baseUsername = email.split('@')[0].toLowerCase();
[7m   [0m [91m                         ~~~~~~~~~~~~~~~~~~~[0m
[96msrc/test/utils.ts[0m:[93m231[0m:[93m3[0m - [91merror[0m[90m TS2322: [0mType '{ baseURL: string; consumerKey: string; consumerSecret: string; version: string; environment: Environment; cache: CacheConfig; ... 9 more ...; checkout?: CheckoutConfig; }' is not assignable to type 'ResolvedWooConfig'.
  Types of property 'advancedSearch' are incompatible.
    Type 'Partial<AdvancedSearchConfig>' is not assignable to type 'AdvancedSearchConfig'.
      Property 'fuzzy' is optional in type 'Partial<AdvancedSearchConfig>' but required in type 'AdvancedSearchConfig'.

[7m231[0m   return {
[7m   [0m [91m  ~~~~~~[0m

transforming...
[32m✓[39m 30 modules transformed.
rendering chunks...

[vite:dts] Start generate declaration files...
computing gzip size...
[2mdist/[22m[36mindex.esm.js  [39m[1m[2m334.92 kB[22m[1m[22m[2m │ gzip: 61.25 kB[22m[2m │ map: 759.85 kB[22m
[vite:dts] Start rollup declaration files...
Analysis will use the bundled TypeScript version 5.4.2
*** The target project appears to use TypeScript 5.8.3 which is newer than the bundled compiler engine; consider upgrading API Extractor.
[vite:dts] Declaration files built in 2045ms.

[2mdist/[22m[36mindex.cjs.js  [39m[1m[2m176.40 kB[22m[1m[22m[2m │ gzip: 43.11 kB[22m[2m │ map: 747.57 kB[22m
[32m✓ built in 2.94s[39m
src/modules/cart/index.ts(49,48): error TS6133: 'key' is declared but its value is never read.
src/modules/cart/index.ts(130,46): error TS6133: 'key' is declared but its value is never read.
src/modules/cart/index.ts(562,5): error TS6133: 'cartTotal' is declared but its value is never read.
src/modules/cart/index.ts(588,5): error TS6133: 'cartTotal' is declared but its value is never read.
src/modules/cart/index.ts(627,47): error TS6133: 'state' is declared but its value is never read.
src/modules/cart/index.ts(1325,5): error TS6133: 'currentProduct' is declared but its value is never read.
src/modules/cart/index.ts(1332,5): error TS6133: 'warnings' is declared but its value is never read.
src/modules/cart/index.ts(1434,5): error TS6133: 'currentProduct' is declared but its value is never read.
src/modules/cart/index.ts(1690,13): error TS2375: Type '{ individualUse: boolean; expiryDate?: Date; code: string; amount: number; description: string; discountType: "percent" | "fixed_cart" | "fixed_product"; freeShipping: boolean; minimumAmount: number | undefined; maximumAmount: number | undefined; usageCount: number; usageLimit: number | undefined; }' is not assignable to type 'AppliedCoupon' with 'exactOptionalPropertyTypes: true'. Consider adding 'undefined' to the types of the target's properties.
  Types of property 'usageLimit' are incompatible.
    Type 'number | undefined' is not assignable to type 'number'.
      Type 'undefined' is not assignable to type 'number'.
src/modules/cart/sync.ts(286,14): error TS2540: Cannot assign to 'retryCount' because it is a read-only property.
src/modules/cart/sync.ts(303,10): error TS2540: Cannot assign to 'config' because it is a read-only property.
src/modules/cart/sync.ts(314,10): error TS2540: Cannot assign to 'config' because it is a read-only property.
src/modules/cart/sync.ts(339,20): error TS2339: Property 'status' does not exist on type 'Result<Response<unknown>, WooError>'.
  Property 'status' does not exist on type 'Failure<WooError>'.
src/modules/cart/sync.ts(346,30): error TS2339: Property 'status' does not exist on type 'Failure<WooError>'.
src/modules/cart/sync.ts(350,17): error TS2352: Conversion of type 'Response<unknown>' to type 'ServerCartData' may be a mistake because neither type sufficiently overlaps with the other. If this was intentional, convert the expression to 'unknown' first.
  Type 'Response<unknown>' is missing the following properties from type 'ServerCartData': cart, metadata
src/modules/cart/sync.ts(377,7): error TS2322: Type 'number' is not assignable to type 'string'.
src/modules/cart/sync.ts(393,30): error TS2339: Property 'status' does not exist on type 'Failure<WooError>'.
src/modules/cart/sync.ts(613,5): error TS6133: 'serverCart' is declared but its value is never read.
src/modules/cart/sync.ts(614,5): error TS6133: 'conflicts' is declared but its value is never read.
src/modules/cart/sync.ts(615,5): error TS6133: 'strategy' is declared but its value is never read.
src/modules/cart/sync.ts(670,5): error TS6133: 'localCart' is declared but its value is never read.
src/modules/cart/sync.ts(671,5): error TS6133: 'authContext' is declared but its value is never read.
src/modules/checkout/address.ts(428,19): error TS2540: Cannot assign to 'company' because it is a read-only property.
src/modules/checkout/address.ts(431,19): error TS2540: Cannot assign to 'phone' because it is a read-only property.
src/modules/checkout/flow.ts(94,5): error TS6133: 'addressManager' is declared but its value is never read.
src/modules/checkout/flow.ts(95,5): error TS6133: 'shippingService' is declared but its value is never read.
src/modules/checkout/flow.ts(119,22): error TS2339: Property 'id' does not exist on type 'Cart'.
src/modules/checkout/flow.ts(121,9): error TS2739: Type 'CartTotals' is missing the following properties from type 'OrderTotals': feesTax, currency
src/modules/checkout/flow.ts(122,15): error TS2304: Cannot find name 'createEmptyCheckoutFlow'.
src/modules/checkout/flow.ts(403,7): error TS2322: Type 'import("/Users/aris/local-document/madebyaris.com/woo-headless/packages/core/src/types/result").Result<import("/Users/aris/local-document/madebyaris.com/woo-headless/packages/core/src/types/checkout").CheckoutValidationResult, import("/Users/aris/local-document/madebyaris.com/woo-headless/packages/core/src/types/err...' is not assignable to type 'import("/Users/aris/local-document/madebyaris.com/woo-headless/packages/core/src/types/result").Result<import("/Users/aris/local-document/madebyaris.com/woo-headless/packages/core/src/modules/checkout/validation").CheckoutValidationResult, import("/Users/aris/local-document/madebyaris.com/woo-headless/packages/core/...'.
  Type 'Success<CheckoutValidationResult>' is not assignable to type 'Result<CheckoutValidationResult, WooError>'.
    Type 'import("/Users/aris/local-document/madebyaris.com/woo-headless/packages/core/src/types/result").Success<import("/Users/aris/local-document/madebyaris.com/woo-headless/packages/core/src/types/checkout").CheckoutValidationResult>' is not assignable to type 'import("/Users/aris/local-document/madebyaris.com/woo-headless/packages/core/src/types/result").Success<import("/Users/aris/local-document/madebyaris.com/woo-headless/packages/core/src/modules/checkout/validation").CheckoutValidationResult>'.
      Type 'CheckoutValidationResult' is missing the following properties from type 'CheckoutValidationResult': canProceed, validationResults, criticalErrors, blockers, recommendations
src/modules/checkout/flow.ts(433,23): error TS2339: Property 'canProceed' does not exist on type 'CheckoutValidationResult'.
src/modules/checkout/flow.ts(434,59): error TS2339: Property 'criticalErrors' does not exist on type 'CheckoutValidationResult'.
src/modules/checkout/flow.ts(435,9): error TS2322: Type 'Success<{ success: false; newStep: number; previousStep: number; validationResult: CheckoutValidationResult; errors: any; blockers: any; }>' is not assignable to type 'Result<StepTransitionResult, WooError>'.
  Type 'Success<{ success: false; newStep: number; previousStep: number; validationResult: CheckoutValidationResult; errors: any; blockers: any; }>' is not assignable to type 'Success<StepTransitionResult>'.
    Type '{ success: false; newStep: number; previousStep: number; validationResult: CheckoutValidationResult; errors: any; blockers: any; }' is not assignable to type 'StepTransitionResult'.
      Types of property 'validationResult' are incompatible.
        Type 'CheckoutValidationResult' is missing the following properties from type 'CheckoutValidationResult': canProceed, validationResults, criticalErrors, blockers, recommendations
src/modules/checkout/flow.ts(440,30): error TS2339: Property 'criticalErrors' does not exist on type 'CheckoutValidationResult'.
src/modules/checkout/flow.ts(441,32): error TS2339: Property 'blockers' does not exist on type 'CheckoutValidationResult'.
src/modules/checkout/flow.ts(458,11): error TS2322: Type 'Success<{ success: true; orderId: string; redirectUrl: string | undefined; paymentStatus: string; requiresRedirect: any; clientSecret: any; paymentIntentId: any; }>' is not assignable to type 'Result<StepTransitionResult, WooError>'.
  Type 'Success<{ success: true; orderId: string; redirectUrl: string | undefined; paymentStatus: string; requiresRedirect: any; clientSecret: any; paymentIntentId: any; }>' is not assignable to type 'Success<StepTransitionResult>'.
    Type '{ success: true; orderId: string; redirectUrl: string | undefined; paymentStatus: string; requiresRedirect: any; clientSecret: any; paymentIntentId: any; }' is missing the following properties from type 'StepTransitionResult': newStep, previousStep, errors, blockers
src/modules/checkout/flow.ts(463,39): error TS2339: Property 'requiresRedirect' does not exist on type '{ redirectUrl?: string; }'.
src/modules/checkout/flow.ts(464,35): error TS2339: Property 'clientSecret' does not exist on type '{ redirectUrl?: string; }'.
src/modules/checkout/flow.ts(465,38): error TS2339: Property 'paymentIntentId' does not exist on type '{ redirectUrl?: string; }'.
src/modules/checkout/flow.ts(673,9): error TS2322: Type '{ id: number; productId: number; variationId: number | undefined; quantity: number; price: number; total: number; subtotal: number; totalTax: number; subtotalTax: number; name: string; sku: string | undefined; meta: never[]; }[]' is not assignable to type 'readonly OrderLineItem[]'.
  Type '{ id: number; productId: number; variationId: number | undefined; quantity: number; price: number; total: number; subtotal: number; totalTax: number; subtotalTax: number; name: string; sku: string | undefined; meta: never[]; }' is not assignable to type 'OrderLineItem' with 'exactOptionalPropertyTypes: true'. Consider adding 'undefined' to the types of the target's properties.
    Types of property 'variationId' are incompatible.
      Type 'number | undefined' is not assignable to type 'number'.
        Type 'undefined' is not assignable to type 'number'.
src/modules/checkout/flow.ts(720,66): error TS2345: Argument of type '{ paymentMethodId: string; orderId: number; amount: number; currency: string; returnUrl: string; cancelUrl: string; }' is not assignable to parameter of type 'PaymentInitRequest'.
  Types of property 'orderId' are incompatible.
    Type 'number' is not assignable to type 'string'.
src/modules/checkout/flow.ts(726,7): error TS2322: Type 'Success<{ redirectUrl: string | undefined; }>' is not assignable to type 'Result<{ redirectUrl?: string; }, WooError>'.
  Type 'Success<{ redirectUrl: string | undefined; }>' is not assignable to type 'Success<{ redirectUrl?: string; }>'.
    Type '{ redirectUrl: string | undefined; }' is not assignable to type '{ redirectUrl?: string; }' with 'exactOptionalPropertyTypes: true'. Consider adding 'undefined' to the types of the target's properties.
      Types of property 'redirectUrl' are incompatible.
        Type 'string | undefined' is not assignable to type 'string'.
          Type 'undefined' is not assignable to type 'string'.
src/modules/checkout/flow.ts(783,3): error TS2739: Type '{ minimumOrderAmount: number; requireEmail: true; requirePhoneNumber: false; requireCompanyName: false; requiredFields: never[]; }' is missing the following properties from type 'CheckoutValidationRules': requireShippingAddress, requireBillingAddress, allowGuestCheckout, restrictedCountries
src/modules/checkout/index.ts(39,3): error TS2459: Module '"./payment"' declares 'PaymentInitRequest' locally, but it is not exported.
src/modules/checkout/index.ts(193,9): error TS2322: Type 'Result<StepTransitionResult, WooError>' is not assignable to type 'Result<CheckoutFlowState, WooError>'.
  Type 'Success<StepTransitionResult>' is not assignable to type 'Result<CheckoutFlowState, WooError>'.
    Type 'Success<StepTransitionResult>' is not assignable to type 'Success<CheckoutFlowState>'.
      Type 'StepTransitionResult' is missing the following properties from type 'CheckoutFlowState': currentStep, completedSteps, availableSteps, canProceed, and 2 more.
src/modules/checkout/index.ts(307,11): error TS2322: Type 'Success<{ paymentUrl: string | undefined; order: Order; requiresPayment: boolean; confirmationUrl: string; }>' is not assignable to type 'Result<OrderCreateResponse, WooError>'.
  Type 'Success<{ paymentUrl: string | undefined; order: Order; requiresPayment: boolean; confirmationUrl: string; }>' is not assignable to type 'Success<OrderCreateResponse>'.
    Type '{ paymentUrl: string | undefined; order: Order; requiresPayment: boolean; confirmationUrl: string; }' is not assignable to type 'OrderCreateResponse' with 'exactOptionalPropertyTypes: true'. Consider adding 'undefined' to the types of the target's properties.
      Types of property 'paymentUrl' are incompatible.
        Type 'string | undefined' is not assignable to type 'string'.
          Type 'undefined' is not assignable to type 'string'.
src/modules/checkout/index.ts(335,7): error TS2412: Type 'Partial<CheckoutValidationRules> | undefined' is not assignable to type 'CheckoutValidationRules | undefined' with 'exactOptionalPropertyTypes: true'. Consider adding 'undefined' to the type of the target.
src/modules/checkout/index.ts(345,5): error TS6133: 'address' is declared but its value is never read.
src/modules/checkout/index.ts(396,7): error TS2322: Type '{ productId: number; variationId: number | undefined; quantity: number; weight: number | undefined; dimensions: { readonly length: string; readonly width: string; readonly height: string; } | undefined; }[]' is not assignable to type 'readonly { readonly productId: number; readonly variationId?: number; readonly quantity: number; readonly weight?: number; readonly dimensions?: { readonly length: number; readonly width: number; readonly height: number; }; }[]'.
  Type '{ productId: number; variationId: number | undefined; quantity: number; weight: number | undefined; dimensions: { readonly length: string; readonly width: string; readonly height: string; } | undefined; }' is not assignable to type '{ readonly productId: number; readonly variationId?: number; readonly quantity: number; readonly weight?: number; readonly dimensions?: { readonly length: number; readonly width: number; readonly height: number; }; }' with 'exactOptionalPropertyTypes: true'. Consider adding 'undefined' to the types of the target's properties.
    Types of property 'variationId' are incompatible.
      Type 'number | undefined' is not assignable to type 'number'.
        Type 'undefined' is not assignable to type 'number'.
src/modules/checkout/index.ts(448,5): error TS2322: Type 'Result<PaymentMethodsResponse, WooError>' is not assignable to type 'Result<PaymentMethod[], WooError>'.
  Type 'Success<PaymentMethodsResponse>' is not assignable to type 'Result<PaymentMethod[], WooError>'.
    Type 'Success<PaymentMethodsResponse>' is not assignable to type 'Success<PaymentMethod[]>'.
      Type 'PaymentMethodsResponse' is missing the following properties from type 'PaymentMethod[]': length, pop, push, concat, and 29 more.
src/modules/checkout/order.ts(159,11): error TS2322: Type '{ productId: number; variationId: number | undefined; quantity: number; operation: "decrease"; }[]' is not assignable to type 'readonly { readonly productId: number; readonly variationId?: number; readonly quantity: number; readonly operation: "decrease" | "increase" | "reserve"; }[]'.
  Type '{ productId: number; variationId: number | undefined; quantity: number; operation: "decrease"; }' is not assignable to type '{ readonly productId: number; readonly variationId?: number; readonly quantity: number; readonly operation: "decrease" | "increase" | "reserve"; }' with 'exactOptionalPropertyTypes: true'. Consider adding 'undefined' to the types of the target's properties.
    Types of property 'variationId' are incompatible.
      Type 'number | undefined' is not assignable to type 'number'.
        Type 'undefined' is not assignable to type 'number'.
src/modules/checkout/order.ts(267,13): error TS6133: 'order' is declared but its value is never read.
src/modules/checkout/order.ts(344,11): error TS2322: Type 'number' is not assignable to type 'string'.
src/modules/checkout/order.ts(345,11): error TS2322: Type '{ productId: number; variationId: number | undefined; quantity: number; operation: "increase"; }[]' is not assignable to type 'readonly { readonly productId: number; readonly variationId?: number; readonly quantity: number; readonly operation: "decrease" | "increase" | "reserve"; }[]'.
  Type '{ productId: number; variationId: number | undefined; quantity: number; operation: "increase"; }' is not assignable to type '{ readonly productId: number; readonly variationId?: number; readonly quantity: number; readonly operation: "decrease" | "increase" | "reserve"; }' with 'exactOptionalPropertyTypes: true'. Consider adding 'undefined' to the types of the target's properties.
    Types of property 'variationId' are incompatible.
      Type 'number | undefined' is not assignable to type 'number'.
        Type 'undefined' is not assignable to type 'number'.
src/modules/checkout/order.ts(603,7): error TS2353: Object literal may only specify known properties, and 'orderNotes' does not exist in type 'Order'.
src/modules/checkout/order.ts(641,34): error TS6133: 'cart' is declared but its value is never read.
src/modules/checkout/order.ts(658,34): error TS6133: 'cart' is declared but its value is never read.
src/modules/checkout/order.ts(675,33): error TS6133: 'request' is declared but its value is never read.
src/modules/checkout/order.ts(692,44): error TS6133: 'order' is declared but its value is never read.
src/modules/checkout/payment.ts(14,3): error TS6133: 'PaymentTransaction' is declared but its value is never read.
src/modules/checkout/payment.ts(15,3): error TS6133: 'CreditCard' is declared but its value is never read.
src/modules/checkout/payment.ts(16,3): error TS6133: 'Order' is declared but its value is never read.
src/modules/checkout/payment.ts(17,3): error TS6133: 'OrderTotals' is declared but its value is never read.
src/modules/checkout/payment.ts(18,3): error TS6133: 'PaymentRequest' is declared but its value is never read.
src/modules/checkout/payment.ts(20,3): error TS6133: 'PaymentStatusRequest' is declared but its value is never read.
src/modules/checkout/payment.ts(22,3): error TS6133: 'CheckoutSession' is declared but its value is never read.
src/modules/checkout/payment.ts(128,9): error TS2322: Type 'string | undefined' is not assignable to type 'string'.
  Type 'undefined' is not assignable to type 'string'.
src/modules/checkout/payment.ts(193,13): error TS2375: Type '{ paymentId: any; redirectUrl: any; requiresRedirect: any; clientSecret: any; paymentIntentId: any; instructions: any; expiresAt: Date | undefined; }' is not assignable to type 'PaymentInitResponse' with 'exactOptionalPropertyTypes: true'. Consider adding 'undefined' to the types of the target's properties.
  Types of property 'expiresAt' are incompatible.
    Type 'Date | undefined' is not assignable to type 'Date'.
      Type 'undefined' is not assignable to type 'Date'.
src/modules/checkout/payment.ts(226,13): error TS2375: Type '{ paymentId: any; status: any; transactionId: any; failureReason: any; redirectUrl: any; nextAction: { type: any; url: any; data: any; } | undefined; }' is not assignable to type 'PaymentStatusResponse' with 'exactOptionalPropertyTypes: true'. Consider adding 'undefined' to the types of the target's properties.
  Types of property 'nextAction' are incompatible.
    Type '{ type: any; url: any; data: any; } | undefined' is not assignable to type '{ readonly type: "redirect" | "authenticate" | "confirm"; readonly url?: string; readonly data?: Record<string, unknown>; }'.
      Type 'undefined' is not assignable to type '{ readonly type: "redirect" | "authenticate" | "confirm"; readonly url?: string; readonly data?: Record<string, unknown>; }'.
src/modules/checkout/payment.ts(441,7): error TS2412: Type 'readonly string[] | undefined' is not assignable to type 'string[] | undefined' with 'exactOptionalPropertyTypes: true'. Consider adding 'undefined' to the type of the target.
src/modules/checkout/payment.ts(485,24): error TS2339: Property 'invalidatePattern' does not exist on type 'CacheManager'.
src/modules/checkout/payment.ts(500,41): error TS6133: 'callbackData' is declared but its value is never read.
src/modules/checkout/shipping.ts(9,34): error TS6133: 'isOk' is declared but its value is never read.
src/modules/checkout/shipping.ts(188,7): error TS2322: Type 'Success<{}>' is not assignable to type 'Result<ShippingZone[], WooError>'.
  Type 'Success<{}>' is not assignable to type 'Success<ShippingZone[]>'.
    Type '{}' is missing the following properties from type 'ShippingZone[]': length, pop, push, concat, and 29 more.
src/modules/checkout/shipping.ts(229,28): error TS2339: Property 'cost' does not exist on type 'Response<unknown>'.
src/modules/checkout/shipping.ts(230,27): error TS2339: Property 'tax' does not exist on type 'Response<unknown>'.
src/modules/checkout/shipping.ts(231,33): error TS2339: Property 'estimated_delivery' does not exist on type 'Response<unknown>'.
src/modules/checkout/shipping.ts(232,33): error TS2339: Property 'tracking_available' does not exist on type 'Response<unknown>'.
src/modules/checkout/shipping.ts(286,5): error TS2322: Type 'ShippingRate | undefined' is not assignable to type 'ShippingRate | null'.
  Type 'undefined' is not assignable to type 'ShippingRate | null'.
src/modules/checkout/shipping.ts(354,30): error TS2345: Argument of type 'string | undefined' is not assignable to parameter of type 'string'.
  Type 'undefined' is not assignable to type 'string'.
src/modules/checkout/shipping.ts(383,24): error TS2339: Property 'invalidatePattern' does not exist on type 'CacheManager'.
src/modules/checkout/validation.ts(7,34): error TS6133: 'isOk' is declared but its value is never read.
src/modules/checkout/validation.ts(11,3): error TS2440: Import declaration conflicts with local declaration of 'CheckoutValidationResult'.
src/modules/checkout/validation.ts(12,3): error TS2724: '"../../types/checkout"' has no exported member named 'CheckoutValidationContext'. Did you mean 'CheckoutValidationResult'?
src/modules/checkout/validation.ts(183,7): error TS2322: Type 'Success<{ isValid: boolean; canProceed: boolean; validationResults: ValidationResult[]; criticalErrors: string[]; warnings: string[]; blockers: string[]; recommendations: string[]; }>' is not assignable to type 'Result<CheckoutValidationResult, WooError>'.
  Type 'Success<{ isValid: boolean; canProceed: boolean; validationResults: ValidationResult[]; criticalErrors: string[]; warnings: string[]; blockers: string[]; recommendations: string[]; }>' is not assignable to type 'Success<CheckoutValidationResult>'.
    Property 'errors' is missing in type '{ isValid: boolean; canProceed: boolean; validationResults: ValidationResult[]; criticalErrors: string[]; warnings: string[]; blockers: string[]; recommendations: string[]; }' but required in type 'CheckoutValidationResult'.
src/modules/checkout/validation.ts(320,43): error TS7006: Parameter 'item' implicitly has an 'any' type.
src/modules/checkout/validation.ts(570,7): error TS2322: Type 'Success<{ isValid: boolean; canProceed: boolean; validationResults: ValidationResult[]; criticalErrors: string[]; warnings: string[]; blockers: string[]; recommendations: never[]; }>' is not assignable to type 'Result<CheckoutValidationResult, WooError>'.
  Type 'Success<{ isValid: boolean; canProceed: boolean; validationResults: ValidationResult[]; criticalErrors: string[]; warnings: string[]; blockers: string[]; recommendations: never[]; }>' is not assignable to type 'Success<CheckoutValidationResult>'.
    Property 'errors' is missing in type '{ isValid: boolean; canProceed: boolean; validationResults: ValidationResult[]; criticalErrors: string[]; warnings: string[]; blockers: string[]; recommendations: never[]; }' but required in type 'CheckoutValidationResult'.
src/modules/products/index.ts(8,27): error TS6133: 'isOk' is declared but its value is never read.
src/modules/products/index.ts(14,3): error TS6133: 'isWooCommerceProduct' is declared but its value is never read.
src/modules/products/index.ts(16,1): error TS6192: All imports in import declaration are unused.
src/modules/products/index.ts(17,1): error TS6133: 'z' is declared but its value is never read.
src/modules/products/index.ts(118,25): error TS2352: Conversion of type '{ name: string; status: "pending" | "draft" | "private" | "publish"; description: string; id: number; slug: string; price: string; featured: boolean; catalog_visibility: "search" | "visible" | "catalog" | "hidden"; ... 8 more ...; stock_quantity?: number | undefined; }' to type 'WooCommerceProduct' may be a mistake because neither type sufficiently overlaps with the other. If this was intentional, convert the expression to 'unknown' first.
  Type '{ name: string; status: "pending" | "draft" | "private" | "publish"; description: string; id: number; slug: string; price: string; featured: boolean; catalog_visibility: "search" | "visible" | "catalog" | "hidden"; ... 8 more ...; stock_quantity?: number | undefined; }' is missing the following properties from type 'WooCommerceProduct': permalink, date_created, date_created_gmt, date_modified, and 40 more.
src/modules/products/index.ts(178,25): error TS2352: Conversion of type '{ name: string; status: "pending" | "draft" | "private" | "publish"; description: string; id: number; slug: string; price: string; featured: boolean; catalog_visibility: "search" | "visible" | "catalog" | "hidden"; ... 8 more ...; stock_quantity?: number | undefined; }' to type 'WooCommerceProduct' may be a mistake because neither type sufficiently overlaps with the other. If this was intentional, convert the expression to 'unknown' first.
  Type '{ name: string; status: "pending" | "draft" | "private" | "publish"; description: string; id: number; slug: string; price: string; featured: boolean; catalog_visibility: "search" | "visible" | "catalog" | "hidden"; ... 8 more ...; stock_quantity?: number | undefined; }' is missing the following properties from type 'WooCommerceProduct': permalink, date_created, date_created_gmt, date_modified, and 40 more.
src/modules/reviews/index.ts(281,49): error TS2345: Argument of type 'readonly ReviewImage[]' is not assignable to parameter of type 'ReviewImage[]'.
  The type 'readonly ReviewImage[]' is 'readonly' and cannot be assigned to the mutable type 'ReviewImage[]'.
src/modules/reviews/index.ts(472,9): error TS2322: Type 'ReviewStatus' is not assignable to type '"hold" | "spam" | "trash" | "approve"'.
  Type '"approved"' is not assignable to type '"hold" | "spam" | "trash" | "approve"'. Did you mean '"approve"'?
src/modules/reviews/index.ts(501,13): error TS2375: Type '{ page: number; limit: number; search: string | undefined; }' is not assignable to type 'ReviewListParams' with 'exactOptionalPropertyTypes: true'. Consider adding 'undefined' to the types of the target's properties.
  Types of property 'search' are incompatible.
    Type 'string | undefined' is not assignable to type 'string'.
      Type 'undefined' is not assignable to type 'string'.
src/modules/reviews/index.ts(517,16): error TS2540: Cannot assign to 'orderby' because it is a read-only property.
src/modules/reviews/index.ts(517,26): error TS18048: 'primarySort' is possibly 'undefined'.
src/modules/reviews/index.ts(518,16): error TS2540: Cannot assign to 'order' because it is a read-only property.
src/modules/reviews/index.ts(518,24): error TS18048: 'primarySort' is possibly 'undefined'.
src/modules/reviews/index.ts(627,26): error TS2339: Property 'parse' does not exist on type '{ product_id: { min: number; type: string; }; review: { min: number; max: number; type: string; }; reviewer: { min: number; max: number; type: string; }; reviewer_email: { type: string; }; rating: { min: number; max: number; type: string; }; parent_id: { ...; }; images: { ...; }; }'.
src/modules/reviews/index.ts(629,28): error TS2304: Cannot find name 'z'.
src/modules/reviews/index.ts(630,24): error TS18046: 'error' is of type 'unknown'.
src/modules/reviews/index.ts(630,41): error TS7006: Parameter 'e' implicitly has an 'any' type.
src/modules/reviews/index.ts(736,37): error TS6133: 'images' is declared but its value is never read.
src/modules/reviews/index.ts(742,38): error TS6133: 'reviewId' is declared but its value is never read.
src/modules/reviews/index.ts(742,56): error TS6133: 'images' is declared but its value is never read.
src/modules/reviews/index.ts(746,36): error TS6133: 'reviewId' is declared but its value is never read.
src/modules/reviews/index.ts(746,54): error TS6133: 'images' is declared but its value is never read.
src/modules/reviews/index.ts(758,24): error TS2339: Property 'deletePattern' does not exist on type 'CacheManager'.
src/modules/reviews/index.ts(767,29): error TS6133: 'reviewId' is declared but its value is never read.
src/modules/reviews/index.ts(767,47): error TS6133: 'userEmail' is declared but its value is never read.
src/modules/reviews/index.ts(772,39): error TS6133: 'productId' is declared but its value is never read.
src/modules/reviews/index.ts(772,58): error TS6133: 'period' is declared but its value is never read.
src/modules/reviews/index.ts(777,36): error TS6133: 'reviews' is declared but its value is never read.
src/modules/reviews/index.ts(788,18): error TS2540: Cannot assign to 'rating' because it is a read-only property.
src/modules/reviews/index.ts(793,18): error TS2540: Cannot assign to 'verified' because it is a read-only property.
src/modules/search/index.ts(11,30): error TS6133: 'ProductSchema' is declared but its value is never read.
src/modules/search/index.ts(35,3): error TS6133: 'isSearchQuery' is declared but its value is never read.
src/modules/search/index.ts(288,11): error TS2375: Type '{ inStock: boolean | undefined; onSale: boolean | undefined; featured: boolean | undefined; minPrice: number | undefined; maxPrice: number | undefined; minRating: number | undefined; ... 14 more ...; rangeFilters: RangeFilter[]; }' is not assignable to type 'SearchQuery' with 'exactOptionalPropertyTypes: true'. Consider adding 'undefined' to the types of the target's properties.
  Types of property 'attributes' are incompatible.
    Type '{ [x: string]: string | string[]; } | undefined' is not assignable to type 'Record<string, string | string[]>'.
      Type 'undefined' is not assignable to type 'Record<string, string | string[]>'.
src/modules/search/index.ts(493,22): error TS2345: Argument of type 'string | undefined' is not assignable to parameter of type 'string'.
  Type 'undefined' is not assignable to type 'string'.
src/modules/search/index.ts(591,9): error TS2412: Type '{ parsedQuery: SearchQuery; executionStats: { indexSize: number; processingTime: number; cacheHit: false; }; } | undefined' is not assignable to type '{ readonly parsedQuery: Record<string, unknown>; readonly executionStats: Record<string, unknown>; } | undefined' with 'exactOptionalPropertyTypes: true'. Consider adding 'undefined' to the type of the target.
src/modules/search/index.ts(803,58): error TS6133: 'filter' is declared but its value is never read.
src/modules/search/index.ts(808,57): error TS6133: 'filter' is declared but its value is never read.
src/modules/search/index.ts(877,26): error TS6133: 'results' is declared but its value is never read.
src/modules/search/index.ts(877,55): error TS6133: 'query' is declared but its value is never read.
src/modules/search/index.ts(886,61): error TS6133: 'query' is declared but its value is never read.
src/modules/user/download-management.ts(445,13): error TS6133: 'startTime' is declared but its value is never read.
src/modules/user/download-management.ts(733,5): error TS6133: 'filePath' is declared but its value is never read.
src/modules/user/download-management.ts(796,52): error TS6133: 'ipAddress' is declared but its value is never read.
src/modules/user/download-management.ts(827,36): error TS6133: 'customerId' is declared but its value is never read.
src/modules/user/download-management.ts(827,56): error TS6133: 'ipAddress' is declared but its value is never read.
src/modules/user/email-verification.ts(296,12): error TS2532: Object is possibly 'undefined'.
src/modules/user/email-verification.ts(600,34): error TS2551: Property 'change_email' does not exist on type '{ readonly welcome: EmailTemplate; readonly changeEmail: EmailTemplate; readonly resend: EmailTemplate; }'. Did you mean 'changeEmail'?
src/modules/user/index.ts(19,3): error TS6133: 'WishlistItem' is declared but its value is never read.
src/modules/user/index.ts(26,3): error TS6133: 'UserListParams' is declared but its value is never read.
src/modules/user/index.ts(27,3): error TS6133: 'UserListResponse' is declared but its value is never read.
src/modules/user/index.ts(28,3): error TS6133: 'UserStats' is declared but its value is never read.
src/modules/user/index.ts(29,3): error TS6133: 'UserRole' is declared but its value is never read.
src/modules/user/index.ts(30,3): error TS6133: 'UserStatus' is declared but its value is never read.
src/modules/user/index.ts(31,3): error TS6133: 'UserProfileSchema' is declared but its value is never read.
src/modules/user/index.ts(32,3): error TS6133: 'UserAddressSchema' is declared but its value is never read.
src/modules/user/index.ts(33,3): error TS6133: 'UserPreferencesSchema' is declared but its value is never read.
src/modules/user/index.ts(35,3): error TS6133: 'UserAuthContextSchema' is declared but its value is never read.
src/modules/user/index.ts(36,3): error TS6133: 'isUserProfile' is declared but its value is never read.
src/modules/user/index.ts(37,3): error TS6133: 'isUserAddress' is declared but its value is never read.
src/modules/user/index.ts(408,13): error TS2375: Type '{ userId: number; syncedAt: string; profile: UserProfile | undefined; customerData: CustomerData | undefined; addresses: readonly UserAddress[] | undefined; preferences: UserPreferences | undefined; orderHistory: readonly UserOrderSummary[] | undefined; wishlist: UserWishlist | undefined; syncErrors: string[] | unde...' is not assignable to type 'UserSyncResponse' with 'exactOptionalPropertyTypes: true'. Consider adding 'undefined' to the types of the target's properties.
  Types of property 'profile' are incompatible.
    Type 'UserProfile | undefined' is not assignable to type 'UserProfile'.
      Type 'undefined' is not assignable to type 'UserProfile'.
src/modules/user/index.ts(453,13): error TS2375: Type '{ id: any; wordpressUserId: any; username: any; email: any; firstName: any; lastName: any; displayName: any; avatar: any; bio: any; website: any; roles: any; status: "active"; dateRegistered: any; lastLogin: undefined; isEmailVerified: true; isPhoneVerified: false; }' is not assignable to type 'UserProfile' with 'exactOptionalPropertyTypes: true'. Consider adding 'undefined' to the types of the target's properties.
  Types of property 'lastLogin' are incompatible.
    Type 'undefined' is not assignable to type 'string'.
src/modules/user/index.ts(736,5): error TS2322: Type 'Success<{ profile: UserProfile; customerData: CustomerData | undefined; }>' is not assignable to type 'Result<{ profile: UserProfile; customerData?: CustomerData; }, WooError>'.
  Type 'Success<{ profile: UserProfile; customerData: CustomerData | undefined; }>' is not assignable to type 'Success<{ profile: UserProfile; customerData?: CustomerData; }>'.
    Type '{ profile: UserProfile; customerData: CustomerData | undefined; }' is not assignable to type '{ profile: UserProfile; customerData?: CustomerData; }' with 'exactOptionalPropertyTypes: true'. Consider adding 'undefined' to the types of the target's properties.
      Types of property 'customerData' are incompatible.
        Type 'CustomerData | undefined' is not assignable to type 'CustomerData'.
          Type 'undefined' is not assignable to type 'CustomerData'.
src/modules/user/index.ts(759,37): error TS6133: 'userId' is declared but its value is never read.
src/modules/user/social-login.ts(233,74): error TS2379: Argument of type '{ state: string; codeChallenge: string; codeChallengeMethod: "S256" | "plain"; returnUrl: string | undefined; }' is not assignable to parameter of type '{ state: string; codeChallenge: string; codeChallengeMethod: string; returnUrl?: string; }' with 'exactOptionalPropertyTypes: true'. Consider adding 'undefined' to the types of the target's properties.
  Types of property 'returnUrl' are incompatible.
    Type 'string | undefined' is not assignable to type 'string'.
      Type 'undefined' is not assignable to type 'string'.
src/modules/user/social-login.ts(243,31): error TS2339: Property 'codeVerifier' does not exist on type 'SocialLoginRequest'.
src/modules/user/social-login.ts(251,31): error TS2339: Property 'codeVerifier' does not exist on type 'SocialLoginRequest'.
src/modules/user/social-login.ts(327,52): error TS2554: Expected 1 arguments, but got 2.
src/modules/user/social-login.ts(339,9): error TS2353: Object literal may only specify known properties, and 'expiresAt' does not exist in type 'UserAuthContext'.
src/modules/user/social-login.ts(346,7): error TS2322: Type 'Success<{ success: true; userProfile: UserProfile; authContext: UserAuthContext; isNewAccount: boolean; linkedAccounts: readonly SocialAccountLink[]; accessToken: string; refreshToken: string | undefined; expiresAt: Date | undefined; }>' is not assignable to type 'Result<SocialLoginCallbackResponse, WooError>'.
  Type 'Success<{ success: true; userProfile: UserProfile; authContext: UserAuthContext; isNewAccount: boolean; linkedAccounts: readonly SocialAccountLink[]; accessToken: string; refreshToken: string | undefined; expiresAt: Date | undefined; }>' is not assignable to type 'Success<SocialLoginCallbackResponse>'.
    Type '{ success: true; userProfile: UserProfile; authContext: UserAuthContext; isNewAccount: boolean; linkedAccounts: readonly SocialAccountLink[]; accessToken: string; refreshToken: string | undefined; expiresAt: Date | undefined; }' is not assignable to type 'SocialLoginCallbackResponse' with 'exactOptionalPropertyTypes: true'. Consider adding 'undefined' to the types of the target's properties.
      Types of property 'refreshToken' are incompatible.
        Type 'string | undefined' is not assignable to type 'string'.
          Type 'undefined' is not assignable to type 'string'.
src/modules/user/social-login.ts(382,13): error TS2375: Type '{ provider: SocialProvider; providerId: string; email: string; name: string; avatar: string | undefined; linkedAt: Date; lastUsed: Date; }' is not assignable to type 'SocialAccountLink' with 'exactOptionalPropertyTypes: true'. Consider adding 'undefined' to the types of the target's properties.
  Types of property 'avatar' are incompatible.
    Type 'string | undefined' is not assignable to type 'string'.
      Type 'undefined' is not assignable to type 'string'.
src/modules/user/social-login.ts(455,55): error TS6133: 'refreshToken' is declared but its value is never read.
src/modules/user/social-login.ts(640,5): error TS6133: 'codeVerifier' is declared but its value is never read.
src/modules/user/social-login.ts(704,15): error TS2375: Type '{ id: any; wordpressUserId: any; username: any; email: any; firstName: any; lastName: any; displayName: any; avatar: string | undefined; roles: any; status: "active"; dateRegistered: any; isEmailVerified: true; isPhoneVerified: false; }' is not assignable to type 'UserProfile' with 'exactOptionalPropertyTypes: true'. Consider adding 'undefined' to the types of the target's properties.
  Types of property 'avatar' are incompatible.
    Type 'string | undefined' is not assignable to type 'string'.
      Type 'undefined' is not assignable to type 'string'.
src/modules/user/social-login.ts(746,13): error TS2375: Type '{ id: any; wordpressUserId: any; username: any; email: any; firstName: any; lastName: any; displayName: any; avatar: string | undefined; roles: any; status: "active"; dateRegistered: any; isEmailVerified: true; isPhoneVerified: false; }' is not assignable to type 'UserProfile' with 'exactOptionalPropertyTypes: true'. Consider adding 'undefined' to the types of the target's properties.
  Types of property 'avatar' are incompatible.
    Type 'string | undefined' is not assignable to type 'string'.
      Type 'undefined' is not assignable to type 'string'.
src/modules/user/social-login.ts(747,13): error TS18046: 'createdUser' is of type 'unknown'.
src/modules/user/social-login.ts(748,26): error TS18046: 'createdUser' is of type 'unknown'.
src/modules/user/social-login.ts(749,19): error TS18046: 'createdUser' is of type 'unknown'.
src/modules/user/social-login.ts(750,16): error TS18046: 'createdUser' is of type 'unknown'.
src/modules/user/social-login.ts(751,20): error TS18046: 'createdUser' is of type 'unknown'.
src/modules/user/social-login.ts(752,19): error TS18046: 'createdUser' is of type 'unknown'.
src/modules/user/social-login.ts(753,22): error TS18046: 'createdUser' is of type 'unknown'.
src/modules/user/social-login.ts(755,16): error TS18046: 'createdUser' is of type 'unknown'.
src/modules/user/social-login.ts(757,25): error TS18046: 'createdUser' is of type 'unknown'.
src/modules/user/social-login.ts(777,26): error TS2532: Object is possibly 'undefined'.
src/test/utils.ts(231,3): error TS2322: Type '{ baseURL: string; consumerKey: string; consumerSecret: string; version: string; environment: Environment; cache: CacheConfig; ... 9 more ...; checkout?: CheckoutConfig; }' is not assignable to type 'ResolvedWooConfig'.
  Types of property 'advancedSearch' are incompatible.
    Type 'Partial<AdvancedSearchConfig>' is not assignable to type 'AdvancedSearchConfig'.
      Property 'fuzzy' is optional in type 'Partial<AdvancedSearchConfig>' but required in type 'AdvancedSearchConfig'.
npm error Lifecycle script `build` failed with error:
npm error code 2
npm error path /Users/aris/local-document/madebyaris.com/woo-headless/packages/core
npm error workspace @woo-headless/sdk@1.0.0
npm error location /Users/aris/local-document/madebyaris.com/woo-headless/packages/core
npm error command failed
npm error command sh -c vite build && tsc --emitDeclarationOnly
